<?xml version="1.0" encoding="utf-8"?>
<CoverageSession xmlns:xsd="http://www.w3.org/2001/XMLSchema" xmlns:xsi="http://www.w3.org/2001/XMLSchema-instance">
  <Summary numSequencePoints="449" visitedSequencePoints="243" numBranchPoints="149" visitedBranchPoints="72" sequenceCoverage="54.12" branchCoverage="48.32" maxCyclomaticComplexity="7" minCyclomaticComplexity="1" visitedClasses="62" numClasses="125" visitedMethods="69" numMethods="135" />
  <Modules>
    <Module hash="AD-F1-48-EF-1C-28-B0-88-78-E9-70-1B-7D-E1-8A-D5-D0-01-9A-18">
      <Summary numSequencePoints="449" visitedSequencePoints="243" numBranchPoints="149" visitedBranchPoints="72" sequenceCoverage="54.12" branchCoverage="48.32" maxCyclomaticComplexity="7" minCyclomaticComplexity="1" visitedClasses="62" numClasses="125" visitedMethods="69" numMethods="135" />
      <ModulePath>C:\gitrepo\ProGet.Net\codecoverage\ProGet.Net.Tests\bin\ProGet.Net.dll</ModulePath>
      <ModuleTime>2017-06-13T12:17:51.6662398Z</ModuleTime>
      <ModuleName>ProGet.Net</ModuleName>
      <Files>
        <File uid="1" fullPath="C:\gitrepo\ProGet.Net\src\ProGet.Net\ProGetClient.cs" />
        <File uid="2" fullPath="C:\gitrepo\ProGet.Net\src\ProGet.Net\Native\ProGetClient.cs" />
        <File uid="3" fullPath="C:\gitrepo\ProGet.Net\src\ProGet.Net\PackagePromotion\ProGetClient.cs" />
        <File uid="4" fullPath="C:\gitrepo\ProGet.Net\src\ProGet.Net\UniversalFeed\ProGetClient.cs" />
        <File uid="7" fullPath="C:\gitrepo\ProGet.Net\src\ProGet.Net\Native\BowerPackages\ProGetClient.cs" />
        <File uid="11" fullPath="C:\gitrepo\ProGet.Net\src\ProGet.Net\Native\Configuration\ProGetClient.cs" />
        <File uid="14" fullPath="C:\gitrepo\ProGet.Net\src\ProGet.Net\Native\Connectors\ProGetClient.cs" />
        <File uid="18" fullPath="C:\gitrepo\ProGet.Net\src\ProGet.Net\Native\Dashboards\ProGetClient.cs" />
        <File uid="20" fullPath="C:\gitrepo\ProGet.Net\src\ProGet.Net\Native\DockerBlobs\ProGetClient.cs" />
        <File uid="21" fullPath="C:\gitrepo\ProGet.Net\src\ProGet.Net\Native\DockerImages\ProGetClient.cs" />
        <File uid="26" fullPath="C:\gitrepo\ProGet.Net\src\ProGet.Net\Native\EventOccurrences\ProGetClient.cs" />
        <File uid="29" fullPath="C:\gitrepo\ProGet.Net\src\ProGet.Net\Native\EventTypes\ProGetClient.cs" />
        <File uid="30" fullPath="C:\gitrepo\ProGet.Net\src\ProGet.Net\Native\Executions\ProGetClient.cs" />
        <File uid="33" fullPath="C:\gitrepo\ProGet.Net\src\ProGet.Net\Native\FeedAdapters\ProGetClient.cs" />
        <File uid="36" fullPath="C:\gitrepo\ProGet.Net\src\ProGet.Net\Native\FeedPackageFilters\ProGetClient.cs" />
        <File uid="39" fullPath="C:\gitrepo\ProGet.Net\src\ProGet.Net\Native\FeedRetentionRules\ProGetClient.cs" />
        <File uid="43" fullPath="C:\gitrepo\ProGet.Net\src\ProGet.Net\Native\Feeds\ProGetClient.cs" />
        <File uid="66" fullPath="C:\gitrepo\ProGet.Net\src\ProGet.Net\Native\IndexingServers\ProGetClient.cs" />
        <File uid="68" fullPath="C:\gitrepo\ProGet.Net\src\ProGet.Net\Native\LogMessages\ProGetClient.cs" />
        <File uid="71" fullPath="C:\gitrepo\ProGet.Net\src\ProGet.Net\Native\MavenArtifacts\ProGetClient.cs" />
        <File uid="74" fullPath="C:\gitrepo\ProGet.Net\src\ProGet.Net\Native\NpmConnectors\ProGetClient.cs" />
        <File uid="75" fullPath="C:\gitrepo\ProGet.Net\src\ProGet.Net\Native\NpmFeeds\ProGetClient.cs" />
        <File uid="79" fullPath="C:\gitrepo\ProGet.Net\src\ProGet.Net\Native\NpmPackages\ProGetClient.cs" />
        <File uid="82" fullPath="C:\gitrepo\ProGet.Net\src\ProGet.Net\Native\NuGetPackages\ProGetClient.cs" />
        <File uid="90" fullPath="C:\gitrepo\ProGet.Net\src\ProGet.Net\Native\Packages\ProGetClient.cs" />
        <File uid="91" fullPath="C:\gitrepo\ProGet.Net\src\ProGet.Net\Native\ProGetPackages\ProGetClient.cs" />
        <File uid="97" fullPath="C:\gitrepo\ProGet.Net\src\ProGet.Net\Native\ScheduledTasks\ProGetClient.cs" />
        <File uid="100" fullPath="C:\gitrepo\ProGet.Net\src\ProGet.Net\Native\Security\ProGetClient.cs" />
        <File uid="109" fullPath="C:\gitrepo\ProGet.Net\src\ProGet.Net\Native\Users\ProGetClient.cs" />
        <File uid="126" fullPath="C:\gitrepo\ProGet.Net\src\ProGet.Net\Common\NamedValue.cs" />
        <File uid="127" fullPath="C:\gitrepo\ProGet.Net\src\ProGet.Net\Common\QueryParamValues.cs" />
        <File uid="128" fullPath="C:\gitrepo\ProGet.Net\src\ProGet.Net\Common\StringExtensions.cs" />
      </Files>
      <Classes>
        <Class>
          <Summary numSequencePoints="0" visitedSequencePoints="0" numBranchPoints="0" visitedBranchPoints="0" sequenceCoverage="0" branchCoverage="0" maxCyclomaticComplexity="0" minCyclomaticComplexity="0" visitedClasses="0" numClasses="0" visitedMethods="0" numMethods="0" />
          <FullName>&lt;Module&gt;</FullName>
          <Methods />
        </Class>
        <Class>
          <Summary numSequencePoints="9" visitedSequencePoints="9" numBranchPoints="5" visitedBranchPoints="5" sequenceCoverage="100" branchCoverage="100" maxCyclomaticComplexity="1" minCyclomaticComplexity="1" visitedClasses="1" numClasses="1" visitedMethods="5" numMethods="5" />
          <FullName>ProGet.Net.ProGetClient</FullName>
          <Methods>
            <Method visited="true" cyclomaticComplexity="1" nPathComplexity="0" sequenceCoverage="100" branchCoverage="100" isConstructor="true" isStatic="false" isGetter="false" isSetter="false">
              <Summary numSequencePoints="5" visitedSequencePoints="5" numBranchPoints="1" visitedBranchPoints="1" sequenceCoverage="100" branchCoverage="100" maxCyclomaticComplexity="1" minCyclomaticComplexity="1" visitedClasses="0" numClasses="0" visitedMethods="1" numMethods="1" />
              <MetadataToken>100663297</MetadataToken>
              <Name>System.Void ProGet.Net.ProGetClient::.ctor(System.String,System.String)</Name>
              <FileRef uid="1" />
              <SequencePoints>
                <SequencePoint vc="57" uspid="1" ordinal="0" offset="0" sl="10" sc="9" el="10" ec="55" bec="0" bev="0" fileid="1" />
                <SequencePoint vc="57" uspid="2" ordinal="1" offset="7" sl="11" sc="9" el="11" ec="10" bec="0" bev="0" fileid="1" />
                <SequencePoint vc="57" uspid="3" ordinal="2" offset="8" sl="12" sc="13" el="12" ec="24" bec="0" bev="0" fileid="1" />
                <SequencePoint vc="57" uspid="4" ordinal="3" offset="15" sl="13" sc="13" el="13" ec="30" bec="0" bev="0" fileid="1" />
                <SequencePoint vc="57" uspid="5" ordinal="4" offset="22" sl="14" sc="9" el="14" ec="10" bec="0" bev="0" fileid="1" />
              </SequencePoints>
              <BranchPoints />
              <MethodPoint xsi:type="SequencePoint" vc="57" uspid="1" ordinal="0" offset="0" sl="10" sc="9" el="10" ec="55" bec="0" bev="0" fileid="1" />
            </Method>
            <Method visited="true" cyclomaticComplexity="1" nPathComplexity="0" sequenceCoverage="100" branchCoverage="100" isConstructor="false" isStatic="false" isGetter="false" isSetter="false">
              <Summary numSequencePoints="1" visitedSequencePoints="1" numBranchPoints="1" visitedBranchPoints="1" sequenceCoverage="100" branchCoverage="100" maxCyclomaticComplexity="1" minCyclomaticComplexity="1" visitedClasses="0" numClasses="0" visitedMethods="1" numMethods="1" />
              <MetadataToken>100663298</MetadataToken>
              <Name>Flurl.Url ProGet.Net.ProGetClient::GetApiClient(System.String)</Name>
              <FileRef uid="1" />
              <SequencePoints>
                <SequencePoint vc="57" uspid="6" ordinal="0" offset="0" sl="16" sc="54" el="18" ec="43" bec="0" bev="0" fileid="1" />
              </SequencePoints>
              <BranchPoints />
              <MethodPoint xsi:type="SequencePoint" vc="57" uspid="6" ordinal="0" offset="0" sl="16" sc="54" el="18" ec="43" bec="0" bev="0" fileid="1" />
            </Method>
            <Method visited="true" cyclomaticComplexity="1" nPathComplexity="0" sequenceCoverage="100" branchCoverage="100" isConstructor="false" isStatic="false" isGetter="false" isSetter="false">
              <Summary numSequencePoints="1" visitedSequencePoints="1" numBranchPoints="1" visitedBranchPoints="1" sequenceCoverage="100" branchCoverage="100" maxCyclomaticComplexity="1" minCyclomaticComplexity="1" visitedClasses="0" numClasses="0" visitedMethods="1" numMethods="1" />
              <MetadataToken>100663299</MetadataToken>
              <Name>Flurl.Http.IFlurlClient ProGet.Net.ProGetClient::GetNativeApiClient(System.String,System.Object)</Name>
              <FileRef uid="2" />
              <SequencePoints>
                <SequencePoint vc="55" uspid="7" ordinal="0" offset="0" sl="11" sc="97" el="14" ec="34" bec="0" bev="0" fileid="2" />
              </SequencePoints>
              <BranchPoints />
              <MethodPoint xsi:type="SequencePoint" vc="55" uspid="7" ordinal="0" offset="0" sl="11" sc="97" el="14" ec="34" bec="0" bev="0" fileid="2" />
            </Method>
            <Method visited="true" cyclomaticComplexity="1" nPathComplexity="0" sequenceCoverage="0" branchCoverage="0" isConstructor="false" isStatic="false" isGetter="false" isSetter="false">
              <Summary numSequencePoints="0" visitedSequencePoints="0" numBranchPoints="0" visitedBranchPoints="0" sequenceCoverage="0" branchCoverage="0" maxCyclomaticComplexity="1" minCyclomaticComplexity="1" visitedClasses="0" numClasses="0" visitedMethods="0" numMethods="0" />
              <MetadataToken>100663300</MetadataToken>
              <Name>System.Threading.Tasks.Task`1&lt;TResult&gt; ProGet.Net.ProGetClient::ExecuteNativeApiMethodAsync(System.String,System.Collections.Generic.IDictionary`2&lt;System.String,System.Object&gt;)</Name>
              <SequencePoints />
              <BranchPoints />
              <MethodPoint vc="55" uspid="8" ordinal="0" offset="0" />
            </Method>
            <Method visited="false" cyclomaticComplexity="1" nPathComplexity="0" sequenceCoverage="0" branchCoverage="0" isConstructor="false" isStatic="false" isGetter="false" isSetter="false">
              <Summary numSequencePoints="0" visitedSequencePoints="0" numBranchPoints="0" visitedBranchPoints="0" sequenceCoverage="0" branchCoverage="0" maxCyclomaticComplexity="1" minCyclomaticComplexity="1" visitedClasses="0" numClasses="0" visitedMethods="0" numMethods="0" />
              <MetadataToken>100663301</MetadataToken>
              <Name>System.Threading.Tasks.Task`1&lt;System.Boolean&gt; ProGet.Net.ProGetClient::ExecuteNativeApiMethodAsync(System.String,System.Collections.Generic.IDictionary`2&lt;System.String,System.Object&gt;)</Name>
              <SequencePoints />
              <BranchPoints />
              <MethodPoint vc="0" uspid="9" ordinal="0" offset="0" />
            </Method>
            <Method visited="false" cyclomaticComplexity="1" nPathComplexity="0" sequenceCoverage="0" branchCoverage="0" isConstructor="false" isStatic="false" isGetter="false" isSetter="false">
              <Summary numSequencePoints="0" visitedSequencePoints="0" numBranchPoints="0" visitedBranchPoints="0" sequenceCoverage="0" branchCoverage="0" maxCyclomaticComplexity="1" minCyclomaticComplexity="1" visitedClasses="0" numClasses="0" visitedMethods="0" numMethods="0" />
              <MetadataToken>100663302</MetadataToken>
              <Name>System.Threading.Tasks.Task`1&lt;System.Boolean&gt; ProGet.Net.ProGetClient::BowerPackages_CreateOrUpdatePackageAsync(System.Int32,System.String,System.String)</Name>
              <SequencePoints />
              <BranchPoints />
              <MethodPoint vc="0" uspid="10" ordinal="0" offset="0" />
            </Method>
            <Method visited="false" cyclomaticComplexity="1" nPathComplexity="0" sequenceCoverage="0" branchCoverage="0" isConstructor="false" isStatic="false" isGetter="false" isSetter="false">
              <Summary numSequencePoints="0" visitedSequencePoints="0" numBranchPoints="0" visitedBranchPoints="0" sequenceCoverage="0" branchCoverage="0" maxCyclomaticComplexity="1" minCyclomaticComplexity="1" visitedClasses="0" numClasses="0" visitedMethods="0" numMethods="0" />
              <MetadataToken>100663303</MetadataToken>
              <Name>System.Threading.Tasks.Task`1&lt;System.Boolean&gt; ProGet.Net.ProGetClient::BowerPackages_DeletePackageAsync(System.Int32,System.String)</Name>
              <SequencePoints />
              <BranchPoints />
              <MethodPoint vc="0" uspid="11" ordinal="0" offset="0" />
            </Method>
            <Method visited="false" cyclomaticComplexity="1" nPathComplexity="0" sequenceCoverage="0" branchCoverage="0" isConstructor="false" isStatic="false" isGetter="false" isSetter="false">
              <Summary numSequencePoints="0" visitedSequencePoints="0" numBranchPoints="0" visitedBranchPoints="0" sequenceCoverage="0" branchCoverage="0" maxCyclomaticComplexity="1" minCyclomaticComplexity="1" visitedClasses="0" numClasses="0" visitedMethods="0" numMethods="0" />
              <MetadataToken>100663304</MetadataToken>
              <Name>System.Threading.Tasks.Task`1&lt;ProGet.Net.Native.Models.BowerPackage&gt; ProGet.Net.ProGetClient::BowerPackages_GetPackageAsync(System.Int32,System.String)</Name>
              <SequencePoints />
              <BranchPoints />
              <MethodPoint vc="0" uspid="12" ordinal="0" offset="0" />
            </Method>
            <Method visited="true" cyclomaticComplexity="1" nPathComplexity="0" sequenceCoverage="0" branchCoverage="0" isConstructor="false" isStatic="false" isGetter="false" isSetter="false">
              <Summary numSequencePoints="0" visitedSequencePoints="0" numBranchPoints="0" visitedBranchPoints="0" sequenceCoverage="0" branchCoverage="0" maxCyclomaticComplexity="1" minCyclomaticComplexity="1" visitedClasses="0" numClasses="0" visitedMethods="0" numMethods="0" />
              <MetadataToken>100663305</MetadataToken>
              <Name>System.Threading.Tasks.Task`1&lt;System.Collections.Generic.IEnumerable`1&lt;ProGet.Net.Native.Models.BowerPackage&gt;&gt; ProGet.Net.ProGetClient::BowerPackages_GetPackagesAsync(System.Int32)</Name>
              <SequencePoints />
              <BranchPoints />
              <MethodPoint vc="1" uspid="13" ordinal="0" offset="0" />
            </Method>
            <Method visited="true" cyclomaticComplexity="1" nPathComplexity="0" sequenceCoverage="0" branchCoverage="0" isConstructor="false" isStatic="false" isGetter="false" isSetter="false">
              <Summary numSequencePoints="0" visitedSequencePoints="0" numBranchPoints="0" visitedBranchPoints="0" sequenceCoverage="0" branchCoverage="0" maxCyclomaticComplexity="1" minCyclomaticComplexity="1" visitedClasses="0" numClasses="0" visitedMethods="0" numMethods="0" />
              <MetadataToken>100663306</MetadataToken>
              <Name>System.Threading.Tasks.Task`1&lt;System.Collections.Generic.IEnumerable`1&lt;ProGet.Net.Native.Models.Configuration&gt;&gt; ProGet.Net.ProGetClient::Configuration_GetConfigurationAsync()</Name>
              <SequencePoints />
              <BranchPoints />
              <MethodPoint vc="1" uspid="14" ordinal="0" offset="0" />
            </Method>
            <Method visited="false" cyclomaticComplexity="1" nPathComplexity="0" sequenceCoverage="0" branchCoverage="0" isConstructor="false" isStatic="false" isGetter="false" isSetter="false">
              <Summary numSequencePoints="0" visitedSequencePoints="0" numBranchPoints="0" visitedBranchPoints="0" sequenceCoverage="0" branchCoverage="0" maxCyclomaticComplexity="1" minCyclomaticComplexity="1" visitedClasses="0" numClasses="0" visitedMethods="0" numMethods="0" />
              <MetadataToken>100663307</MetadataToken>
              <Name>System.Threading.Tasks.Task`1&lt;ProGet.Net.Native.Models.Configuration&gt; ProGet.Net.ProGetClient::Configuration_GetValueAsync(System.String)</Name>
              <SequencePoints />
              <BranchPoints />
              <MethodPoint vc="0" uspid="15" ordinal="0" offset="0" />
            </Method>
            <Method visited="false" cyclomaticComplexity="1" nPathComplexity="0" sequenceCoverage="0" branchCoverage="0" isConstructor="false" isStatic="false" isGetter="false" isSetter="false">
              <Summary numSequencePoints="0" visitedSequencePoints="0" numBranchPoints="0" visitedBranchPoints="0" sequenceCoverage="0" branchCoverage="0" maxCyclomaticComplexity="1" minCyclomaticComplexity="1" visitedClasses="0" numClasses="0" visitedMethods="0" numMethods="0" />
              <MetadataToken>100663308</MetadataToken>
              <Name>System.Threading.Tasks.Task`1&lt;System.Boolean&gt; ProGet.Net.ProGetClient::Configuration_SetValueAsync(System.String,System.String)</Name>
              <SequencePoints />
              <BranchPoints />
              <MethodPoint vc="0" uspid="16" ordinal="0" offset="0" />
            </Method>
            <Method visited="false" cyclomaticComplexity="1" nPathComplexity="0" sequenceCoverage="0" branchCoverage="0" isConstructor="false" isStatic="false" isGetter="false" isSetter="false">
              <Summary numSequencePoints="0" visitedSequencePoints="0" numBranchPoints="0" visitedBranchPoints="0" sequenceCoverage="0" branchCoverage="0" maxCyclomaticComplexity="1" minCyclomaticComplexity="1" visitedClasses="0" numClasses="0" visitedMethods="0" numMethods="0" />
              <MetadataToken>100663309</MetadataToken>
              <Name>System.Threading.Tasks.Task`1&lt;System.Int32&gt; ProGet.Net.ProGetClient::Connectors_CreateOrUpdateConnectorAsync(System.String,System.String,System.String,System.String,System.String,System.Byte[],System.Int32,System.Int32)</Name>
              <SequencePoints />
              <BranchPoints />
              <MethodPoint vc="0" uspid="17" ordinal="0" offset="0" />
            </Method>
            <Method visited="false" cyclomaticComplexity="1" nPathComplexity="0" sequenceCoverage="0" branchCoverage="0" isConstructor="false" isStatic="false" isGetter="false" isSetter="false">
              <Summary numSequencePoints="0" visitedSequencePoints="0" numBranchPoints="0" visitedBranchPoints="0" sequenceCoverage="0" branchCoverage="0" maxCyclomaticComplexity="1" minCyclomaticComplexity="1" visitedClasses="0" numClasses="0" visitedMethods="0" numMethods="0" />
              <MetadataToken>100663310</MetadataToken>
              <Name>System.Threading.Tasks.Task`1&lt;System.Boolean&gt; ProGet.Net.ProGetClient::Connectors_DeleteConnectorAsync(System.Int32)</Name>
              <SequencePoints />
              <BranchPoints />
              <MethodPoint vc="0" uspid="18" ordinal="0" offset="0" />
            </Method>
            <Method visited="false" cyclomaticComplexity="1" nPathComplexity="0" sequenceCoverage="0" branchCoverage="0" isConstructor="false" isStatic="false" isGetter="false" isSetter="false">
              <Summary numSequencePoints="0" visitedSequencePoints="0" numBranchPoints="0" visitedBranchPoints="0" sequenceCoverage="0" branchCoverage="0" maxCyclomaticComplexity="1" minCyclomaticComplexity="1" visitedClasses="0" numClasses="0" visitedMethods="0" numMethods="0" />
              <MetadataToken>100663311</MetadataToken>
              <Name>System.Threading.Tasks.Task`1&lt;ProGet.Net.Native.Models.Connector&gt; ProGet.Net.ProGetClient::Connectors_GetConnectorAsync(System.Int32)</Name>
              <SequencePoints />
              <BranchPoints />
              <MethodPoint vc="0" uspid="19" ordinal="0" offset="0" />
            </Method>
            <Method visited="true" cyclomaticComplexity="1" nPathComplexity="0" sequenceCoverage="0" branchCoverage="0" isConstructor="false" isStatic="false" isGetter="false" isSetter="false">
              <Summary numSequencePoints="0" visitedSequencePoints="0" numBranchPoints="0" visitedBranchPoints="0" sequenceCoverage="0" branchCoverage="0" maxCyclomaticComplexity="1" minCyclomaticComplexity="1" visitedClasses="0" numClasses="0" visitedMethods="0" numMethods="0" />
              <MetadataToken>100663312</MetadataToken>
              <Name>System.Threading.Tasks.Task`1&lt;System.Collections.Generic.IEnumerable`1&lt;ProGet.Net.Native.Models.Connector&gt;&gt; ProGet.Net.ProGetClient::Connectors_GetConnectorsAsync(System.Int32)</Name>
              <SequencePoints />
              <BranchPoints />
              <MethodPoint vc="1" uspid="20" ordinal="0" offset="0" />
            </Method>
            <Method visited="true" cyclomaticComplexity="1" nPathComplexity="0" sequenceCoverage="0" branchCoverage="0" isConstructor="false" isStatic="false" isGetter="false" isSetter="false">
              <Summary numSequencePoints="0" visitedSequencePoints="0" numBranchPoints="0" visitedBranchPoints="0" sequenceCoverage="0" branchCoverage="0" maxCyclomaticComplexity="1" minCyclomaticComplexity="1" visitedClasses="0" numClasses="0" visitedMethods="0" numMethods="0" />
              <MetadataToken>100663313</MetadataToken>
              <Name>System.Threading.Tasks.Task`1&lt;ProGet.Net.Native.Models.DashboardPackagesDashboardFeeds&gt; ProGet.Net.ProGetClient::Dashboards_GetDashboardInfoAsync(System.Int32,System.Boolean)</Name>
              <SequencePoints />
              <BranchPoints />
              <MethodPoint vc="1" uspid="21" ordinal="0" offset="0" />
            </Method>
            <Method visited="true" cyclomaticComplexity="1" nPathComplexity="0" sequenceCoverage="0" branchCoverage="0" isConstructor="false" isStatic="false" isGetter="false" isSetter="false">
              <Summary numSequencePoints="0" visitedSequencePoints="0" numBranchPoints="0" visitedBranchPoints="0" sequenceCoverage="0" branchCoverage="0" maxCyclomaticComplexity="1" minCyclomaticComplexity="1" visitedClasses="0" numClasses="0" visitedMethods="0" numMethods="0" />
              <MetadataToken>100663314</MetadataToken>
              <Name>System.Threading.Tasks.Task`1&lt;System.Collections.Generic.IEnumerable`1&lt;ProGet.Net.Native.Models.DashboardPackagesLargest&gt;&gt; ProGet.Net.ProGetClient::Dashboards_GetLargestPackagesAsync(System.Int32)</Name>
              <SequencePoints />
              <BranchPoints />
              <MethodPoint vc="1" uspid="22" ordinal="0" offset="0" />
            </Method>
            <Method visited="true" cyclomaticComplexity="1" nPathComplexity="0" sequenceCoverage="0" branchCoverage="0" isConstructor="false" isStatic="false" isGetter="false" isSetter="false">
              <Summary numSequencePoints="0" visitedSequencePoints="0" numBranchPoints="0" visitedBranchPoints="0" sequenceCoverage="0" branchCoverage="0" maxCyclomaticComplexity="1" minCyclomaticComplexity="1" visitedClasses="0" numClasses="0" visitedMethods="0" numMethods="0" />
              <MetadataToken>100663315</MetadataToken>
              <Name>System.Threading.Tasks.Task`1&lt;System.Collections.Generic.IEnumerable`1&lt;ProGet.Net.Native.Models.DockerBlob&gt;&gt; ProGet.Net.ProGetClient::DockerBlobs_GetBlobsAsync(System.Int32)</Name>
              <SequencePoints />
              <BranchPoints />
              <MethodPoint vc="1" uspid="23" ordinal="0" offset="0" />
            </Method>
            <Method visited="false" cyclomaticComplexity="1" nPathComplexity="0" sequenceCoverage="0" branchCoverage="0" isConstructor="false" isStatic="false" isGetter="false" isSetter="false">
              <Summary numSequencePoints="0" visitedSequencePoints="0" numBranchPoints="0" visitedBranchPoints="0" sequenceCoverage="0" branchCoverage="0" maxCyclomaticComplexity="1" minCyclomaticComplexity="1" visitedClasses="0" numClasses="0" visitedMethods="0" numMethods="0" />
              <MetadataToken>100663316</MetadataToken>
              <Name>System.Threading.Tasks.Task`1&lt;ProGet.Net.Native.Models.DockerImage&gt; ProGet.Net.ProGetClient::DockerImages_GetImageAsync(System.Int32,System.String,System.String)</Name>
              <SequencePoints />
              <BranchPoints />
              <MethodPoint vc="0" uspid="24" ordinal="0" offset="0" />
            </Method>
            <Method visited="true" cyclomaticComplexity="1" nPathComplexity="0" sequenceCoverage="0" branchCoverage="0" isConstructor="false" isStatic="false" isGetter="false" isSetter="false">
              <Summary numSequencePoints="0" visitedSequencePoints="0" numBranchPoints="0" visitedBranchPoints="0" sequenceCoverage="0" branchCoverage="0" maxCyclomaticComplexity="1" minCyclomaticComplexity="1" visitedClasses="0" numClasses="0" visitedMethods="0" numMethods="0" />
              <MetadataToken>100663317</MetadataToken>
              <Name>System.Threading.Tasks.Task`1&lt;System.Collections.Generic.IEnumerable`1&lt;ProGet.Net.Native.Models.DockerImage&gt;&gt; ProGet.Net.ProGetClient::DockerImages_GetImagesAsync(System.Int32,System.String)</Name>
              <SequencePoints />
              <BranchPoints />
              <MethodPoint vc="1" uspid="25" ordinal="0" offset="0" />
            </Method>
            <Method visited="true" cyclomaticComplexity="1" nPathComplexity="0" sequenceCoverage="0" branchCoverage="0" isConstructor="false" isStatic="false" isGetter="false" isSetter="false">
              <Summary numSequencePoints="0" visitedSequencePoints="0" numBranchPoints="0" visitedBranchPoints="0" sequenceCoverage="0" branchCoverage="0" maxCyclomaticComplexity="1" minCyclomaticComplexity="1" visitedClasses="0" numClasses="0" visitedMethods="0" numMethods="0" />
              <MetadataToken>100663318</MetadataToken>
              <Name>System.Threading.Tasks.Task`1&lt;System.Collections.Generic.IEnumerable`1&lt;ProGet.Net.Native.Models.DockerRepository&gt;&gt; ProGet.Net.ProGetClient::DockerImages_GetRepositoriesAsync(System.Int32,System.String)</Name>
              <SequencePoints />
              <BranchPoints />
              <MethodPoint vc="1" uspid="26" ordinal="0" offset="0" />
            </Method>
            <Method visited="true" cyclomaticComplexity="1" nPathComplexity="0" sequenceCoverage="0" branchCoverage="0" isConstructor="false" isStatic="false" isGetter="false" isSetter="false">
              <Summary numSequencePoints="0" visitedSequencePoints="0" numBranchPoints="0" visitedBranchPoints="0" sequenceCoverage="0" branchCoverage="0" maxCyclomaticComplexity="1" minCyclomaticComplexity="1" visitedClasses="0" numClasses="0" visitedMethods="0" numMethods="0" />
              <MetadataToken>100663319</MetadataToken>
              <Name>System.Threading.Tasks.Task`1&lt;System.Collections.Generic.IEnumerable`1&lt;ProGet.Net.Native.Models.DockerImageTag&gt;&gt; ProGet.Net.ProGetClient::DockerImages_GetTagsAsync(System.Int32,System.String)</Name>
              <SequencePoints />
              <BranchPoints />
              <MethodPoint vc="1" uspid="27" ordinal="0" offset="0" />
            </Method>
            <Method visited="false" cyclomaticComplexity="1" nPathComplexity="0" sequenceCoverage="0" branchCoverage="0" isConstructor="false" isStatic="false" isGetter="false" isSetter="false">
              <Summary numSequencePoints="0" visitedSequencePoints="0" numBranchPoints="0" visitedBranchPoints="0" sequenceCoverage="0" branchCoverage="0" maxCyclomaticComplexity="1" minCyclomaticComplexity="1" visitedClasses="0" numClasses="0" visitedMethods="0" numMethods="0" />
              <MetadataToken>100663320</MetadataToken>
              <Name>System.Threading.Tasks.Task`1&lt;System.Boolean&gt; ProGet.Net.ProGetClient::DockerImages_UpdateDescriptionAsync(System.Int32,System.String,System.String,System.String)</Name>
              <SequencePoints />
              <BranchPoints />
              <MethodPoint vc="0" uspid="28" ordinal="0" offset="0" />
            </Method>
            <Method visited="false" cyclomaticComplexity="1" nPathComplexity="0" sequenceCoverage="0" branchCoverage="0" isConstructor="false" isStatic="false" isGetter="false" isSetter="false">
              <Summary numSequencePoints="0" visitedSequencePoints="0" numBranchPoints="0" visitedBranchPoints="0" sequenceCoverage="0" branchCoverage="0" maxCyclomaticComplexity="1" minCyclomaticComplexity="1" visitedClasses="0" numClasses="0" visitedMethods="0" numMethods="0" />
              <MetadataToken>100663321</MetadataToken>
              <Name>System.Threading.Tasks.Task`1&lt;ProGet.Net.Native.Models.EventOccurrence&gt; ProGet.Net.ProGetClient::EventOccurrences_GetOccurrenceAsync(System.Int32)</Name>
              <SequencePoints />
              <BranchPoints />
              <MethodPoint vc="0" uspid="29" ordinal="0" offset="0" />
            </Method>
            <Method visited="true" cyclomaticComplexity="1" nPathComplexity="0" sequenceCoverage="0" branchCoverage="0" isConstructor="false" isStatic="false" isGetter="false" isSetter="false">
              <Summary numSequencePoints="0" visitedSequencePoints="0" numBranchPoints="0" visitedBranchPoints="0" sequenceCoverage="0" branchCoverage="0" maxCyclomaticComplexity="1" minCyclomaticComplexity="1" visitedClasses="0" numClasses="0" visitedMethods="0" numMethods="0" />
              <MetadataToken>100663322</MetadataToken>
              <Name>System.Threading.Tasks.Task`1&lt;System.Collections.Generic.IEnumerable`1&lt;ProGet.Net.Native.Models.EventOccurrence&gt;&gt; ProGet.Net.ProGetClient::EventOccurrences_GetOccurrencesAsync(System.Nullable`1&lt;System.Int32&gt;)</Name>
              <SequencePoints />
              <BranchPoints />
              <MethodPoint vc="1" uspid="30" ordinal="0" offset="0" />
            </Method>
            <Method visited="false" cyclomaticComplexity="1" nPathComplexity="0" sequenceCoverage="0" branchCoverage="0" isConstructor="false" isStatic="false" isGetter="false" isSetter="false">
              <Summary numSequencePoints="0" visitedSequencePoints="0" numBranchPoints="0" visitedBranchPoints="0" sequenceCoverage="0" branchCoverage="0" maxCyclomaticComplexity="1" minCyclomaticComplexity="1" visitedClasses="0" numClasses="0" visitedMethods="0" numMethods="0" />
              <MetadataToken>100663323</MetadataToken>
              <Name>System.Threading.Tasks.Task`1&lt;System.Collections.Generic.IEnumerable`1&lt;ProGet.Net.Native.Models.EventOccurrences_Users&gt;&gt; ProGet.Net.ProGetClient::EventOccurrences_GetUsersAsync()</Name>
              <SequencePoints />
              <BranchPoints />
              <MethodPoint vc="0" uspid="31" ordinal="0" offset="0" />
            </Method>
            <Method visited="true" cyclomaticComplexity="1" nPathComplexity="0" sequenceCoverage="0" branchCoverage="0" isConstructor="false" isStatic="false" isGetter="false" isSetter="false">
              <Summary numSequencePoints="0" visitedSequencePoints="0" numBranchPoints="0" visitedBranchPoints="0" sequenceCoverage="0" branchCoverage="0" maxCyclomaticComplexity="1" minCyclomaticComplexity="1" visitedClasses="0" numClasses="0" visitedMethods="0" numMethods="0" />
              <MetadataToken>100663324</MetadataToken>
              <Name>System.Threading.Tasks.Task`1&lt;System.Collections.Generic.IEnumerable`1&lt;ProGet.Net.Native.Models.EventType&gt;&gt; ProGet.Net.ProGetClient::EventTypes_GetEventTypesAsync()</Name>
              <SequencePoints />
              <BranchPoints />
              <MethodPoint vc="1" uspid="32" ordinal="0" offset="0" />
            </Method>
            <Method visited="false" cyclomaticComplexity="1" nPathComplexity="0" sequenceCoverage="0" branchCoverage="0" isConstructor="false" isStatic="false" isGetter="false" isSetter="false">
              <Summary numSequencePoints="0" visitedSequencePoints="0" numBranchPoints="0" visitedBranchPoints="0" sequenceCoverage="0" branchCoverage="0" maxCyclomaticComplexity="1" minCyclomaticComplexity="1" visitedClasses="0" numClasses="0" visitedMethods="0" numMethods="0" />
              <MetadataToken>100663325</MetadataToken>
              <Name>System.Threading.Tasks.Task`1&lt;System.Boolean&gt; ProGet.Net.ProGetClient::Executions_DeleteExecutionAsync(System.Int32)</Name>
              <SequencePoints />
              <BranchPoints />
              <MethodPoint vc="0" uspid="33" ordinal="0" offset="0" />
            </Method>
            <Method visited="true" cyclomaticComplexity="1" nPathComplexity="0" sequenceCoverage="0" branchCoverage="0" isConstructor="false" isStatic="false" isGetter="false" isSetter="false">
              <Summary numSequencePoints="0" visitedSequencePoints="0" numBranchPoints="0" visitedBranchPoints="0" sequenceCoverage="0" branchCoverage="0" maxCyclomaticComplexity="1" minCyclomaticComplexity="1" visitedClasses="0" numClasses="0" visitedMethods="0" numMethods="0" />
              <MetadataToken>100663326</MetadataToken>
              <Name>System.Threading.Tasks.Task`1&lt;ProGet.Net.Native.Models.ExecutionsExecutionLogEntries&gt; ProGet.Net.ProGetClient::Executions_GetExecutionAsync(System.Int32)</Name>
              <SequencePoints />
              <BranchPoints />
              <MethodPoint vc="1" uspid="34" ordinal="0" offset="0" />
            </Method>
            <Method visited="true" cyclomaticComplexity="1" nPathComplexity="0" sequenceCoverage="0" branchCoverage="0" isConstructor="false" isStatic="false" isGetter="false" isSetter="false">
              <Summary numSequencePoints="0" visitedSequencePoints="0" numBranchPoints="0" visitedBranchPoints="0" sequenceCoverage="0" branchCoverage="0" maxCyclomaticComplexity="1" minCyclomaticComplexity="1" visitedClasses="0" numClasses="0" visitedMethods="0" numMethods="0" />
              <MetadataToken>100663327</MetadataToken>
              <Name>System.Threading.Tasks.Task`1&lt;System.Collections.Generic.IEnumerable`1&lt;ProGet.Net.Native.Models.Execution&gt;&gt; ProGet.Net.ProGetClient::Executions_GetFeedSyncExecutionsAsync(System.Int32,System.Int32)</Name>
              <SequencePoints />
              <BranchPoints />
              <MethodPoint vc="1" uspid="35" ordinal="0" offset="0" />
            </Method>
            <Method visited="false" cyclomaticComplexity="1" nPathComplexity="0" sequenceCoverage="0" branchCoverage="0" isConstructor="false" isStatic="false" isGetter="false" isSetter="false">
              <Summary numSequencePoints="0" visitedSequencePoints="0" numBranchPoints="0" visitedBranchPoints="0" sequenceCoverage="0" branchCoverage="0" maxCyclomaticComplexity="1" minCyclomaticComplexity="1" visitedClasses="0" numClasses="0" visitedMethods="0" numMethods="0" />
              <MetadataToken>100663328</MetadataToken>
              <Name>System.Threading.Tasks.Task`1&lt;System.Boolean&gt; ProGet.Net.ProGetClient::FeedAdapters_CreateOrUpdateFeedAdapterAsync(System.Int32,System.Int32,System.String,System.String,System.String)</Name>
              <SequencePoints />
              <BranchPoints />
              <MethodPoint vc="0" uspid="36" ordinal="0" offset="0" />
            </Method>
            <Method visited="false" cyclomaticComplexity="1" nPathComplexity="0" sequenceCoverage="0" branchCoverage="0" isConstructor="false" isStatic="false" isGetter="false" isSetter="false">
              <Summary numSequencePoints="0" visitedSequencePoints="0" numBranchPoints="0" visitedBranchPoints="0" sequenceCoverage="0" branchCoverage="0" maxCyclomaticComplexity="1" minCyclomaticComplexity="1" visitedClasses="0" numClasses="0" visitedMethods="0" numMethods="0" />
              <MetadataToken>100663329</MetadataToken>
              <Name>System.Threading.Tasks.Task`1&lt;System.Boolean&gt; ProGet.Net.ProGetClient::FeedAdapters_DeleteFeedAdapterAsync(System.Int32,System.Int32)</Name>
              <SequencePoints />
              <BranchPoints />
              <MethodPoint vc="0" uspid="37" ordinal="0" offset="0" />
            </Method>
            <Method visited="true" cyclomaticComplexity="1" nPathComplexity="0" sequenceCoverage="0" branchCoverage="0" isConstructor="false" isStatic="false" isGetter="false" isSetter="false">
              <Summary numSequencePoints="0" visitedSequencePoints="0" numBranchPoints="0" visitedBranchPoints="0" sequenceCoverage="0" branchCoverage="0" maxCyclomaticComplexity="1" minCyclomaticComplexity="1" visitedClasses="0" numClasses="0" visitedMethods="0" numMethods="0" />
              <MetadataToken>100663330</MetadataToken>
              <Name>System.Threading.Tasks.Task`1&lt;System.Collections.Generic.IEnumerable`1&lt;ProGet.Net.Native.Models.FeedAdapter&gt;&gt; ProGet.Net.ProGetClient::FeedAdapters_GetFeedAdaptersAsync(System.Int32)</Name>
              <SequencePoints />
              <BranchPoints />
              <MethodPoint vc="1" uspid="38" ordinal="0" offset="0" />
            </Method>
            <Method visited="false" cyclomaticComplexity="1" nPathComplexity="0" sequenceCoverage="0" branchCoverage="0" isConstructor="false" isStatic="false" isGetter="false" isSetter="false">
              <Summary numSequencePoints="0" visitedSequencePoints="0" numBranchPoints="0" visitedBranchPoints="0" sequenceCoverage="0" branchCoverage="0" maxCyclomaticComplexity="1" minCyclomaticComplexity="1" visitedClasses="0" numClasses="0" visitedMethods="0" numMethods="0" />
              <MetadataToken>100663331</MetadataToken>
              <Name>System.Threading.Tasks.Task`1&lt;System.Int32&gt; ProGet.Net.ProGetClient::FeedPackageFilters_CreateOrUpdatePackageFilterAsync(System.Int32,System.String,System.String,System.Int32)</Name>
              <SequencePoints />
              <BranchPoints />
              <MethodPoint vc="0" uspid="39" ordinal="0" offset="0" />
            </Method>
            <Method visited="false" cyclomaticComplexity="1" nPathComplexity="0" sequenceCoverage="0" branchCoverage="0" isConstructor="false" isStatic="false" isGetter="false" isSetter="false">
              <Summary numSequencePoints="0" visitedSequencePoints="0" numBranchPoints="0" visitedBranchPoints="0" sequenceCoverage="0" branchCoverage="0" maxCyclomaticComplexity="1" minCyclomaticComplexity="1" visitedClasses="0" numClasses="0" visitedMethods="0" numMethods="0" />
              <MetadataToken>100663332</MetadataToken>
              <Name>System.Threading.Tasks.Task`1&lt;System.Boolean&gt; ProGet.Net.ProGetClient::FeedPackageFilters_DeletePackageFilterAsync(System.Int32,System.Int32)</Name>
              <SequencePoints />
              <BranchPoints />
              <MethodPoint vc="0" uspid="40" ordinal="0" offset="0" />
            </Method>
            <Method visited="true" cyclomaticComplexity="1" nPathComplexity="0" sequenceCoverage="0" branchCoverage="0" isConstructor="false" isStatic="false" isGetter="false" isSetter="false">
              <Summary numSequencePoints="0" visitedSequencePoints="0" numBranchPoints="0" visitedBranchPoints="0" sequenceCoverage="0" branchCoverage="0" maxCyclomaticComplexity="1" minCyclomaticComplexity="1" visitedClasses="0" numClasses="0" visitedMethods="0" numMethods="0" />
              <MetadataToken>100663333</MetadataToken>
              <Name>System.Threading.Tasks.Task`1&lt;System.Collections.Generic.IEnumerable`1&lt;ProGet.Net.Native.Models.FeedPackageFilter&gt;&gt; ProGet.Net.ProGetClient::FeedPackageFilters_GetPackageFiltersAsync(System.Int32)</Name>
              <SequencePoints />
              <BranchPoints />
              <MethodPoint vc="1" uspid="41" ordinal="0" offset="0" />
            </Method>
            <Method visited="false" cyclomaticComplexity="1" nPathComplexity="0" sequenceCoverage="0" branchCoverage="0" isConstructor="false" isStatic="false" isGetter="false" isSetter="false">
              <Summary numSequencePoints="0" visitedSequencePoints="0" numBranchPoints="0" visitedBranchPoints="0" sequenceCoverage="0" branchCoverage="0" maxCyclomaticComplexity="1" minCyclomaticComplexity="1" visitedClasses="0" numClasses="0" visitedMethods="0" numMethods="0" />
              <MetadataToken>100663334</MetadataToken>
              <Name>System.Threading.Tasks.Task`1&lt;System.Int32&gt; ProGet.Net.ProGetClient::FeedRetentionRules_CreateOrUpdateRuleAsync(System.Int32,System.Boolean,System.Boolean,System.Int32,System.Int32,System.String,System.String,System.Int64,System.Boolean,System.Int32)</Name>
              <SequencePoints />
              <BranchPoints />
              <MethodPoint vc="0" uspid="42" ordinal="0" offset="0" />
            </Method>
            <Method visited="false" cyclomaticComplexity="1" nPathComplexity="0" sequenceCoverage="0" branchCoverage="0" isConstructor="false" isStatic="false" isGetter="false" isSetter="false">
              <Summary numSequencePoints="0" visitedSequencePoints="0" numBranchPoints="0" visitedBranchPoints="0" sequenceCoverage="0" branchCoverage="0" maxCyclomaticComplexity="1" minCyclomaticComplexity="1" visitedClasses="0" numClasses="0" visitedMethods="0" numMethods="0" />
              <MetadataToken>100663335</MetadataToken>
              <Name>System.Threading.Tasks.Task`1&lt;System.Boolean&gt; ProGet.Net.ProGetClient::FeedRetentionRules_DeleteRuleAsync(System.Int32,System.Int32)</Name>
              <SequencePoints />
              <BranchPoints />
              <MethodPoint vc="0" uspid="43" ordinal="0" offset="0" />
            </Method>
            <Method visited="true" cyclomaticComplexity="1" nPathComplexity="0" sequenceCoverage="0" branchCoverage="0" isConstructor="false" isStatic="false" isGetter="false" isSetter="false">
              <Summary numSequencePoints="0" visitedSequencePoints="0" numBranchPoints="0" visitedBranchPoints="0" sequenceCoverage="0" branchCoverage="0" maxCyclomaticComplexity="1" minCyclomaticComplexity="1" visitedClasses="0" numClasses="0" visitedMethods="0" numMethods="0" />
              <MetadataToken>100663336</MetadataToken>
              <Name>System.Threading.Tasks.Task`1&lt;System.Collections.Generic.IEnumerable`1&lt;ProGet.Net.Native.Models.FeedRetentionRuleExtended&gt;&gt; ProGet.Net.ProGetClient::FeedRetentionRules_GetRulesAsync(System.Int32)</Name>
              <SequencePoints />
              <BranchPoints />
              <MethodPoint vc="1" uspid="44" ordinal="0" offset="0" />
            </Method>
            <Method visited="false" cyclomaticComplexity="1" nPathComplexity="0" sequenceCoverage="0" branchCoverage="0" isConstructor="false" isStatic="false" isGetter="false" isSetter="false">
              <Summary numSequencePoints="0" visitedSequencePoints="0" numBranchPoints="0" visitedBranchPoints="0" sequenceCoverage="0" branchCoverage="0" maxCyclomaticComplexity="1" minCyclomaticComplexity="1" visitedClasses="0" numClasses="0" visitedMethods="0" numMethods="0" />
              <MetadataToken>100663337</MetadataToken>
              <Name>System.Threading.Tasks.Task`1&lt;System.Boolean&gt; ProGet.Net.ProGetClient::FeedRetentionRules_ResequenceRuleAsync(System.Int32,System.Int32,System.Int32)</Name>
              <SequencePoints />
              <BranchPoints />
              <MethodPoint vc="0" uspid="45" ordinal="0" offset="0" />
            </Method>
            <Method visited="false" cyclomaticComplexity="1" nPathComplexity="0" sequenceCoverage="0" branchCoverage="0" isConstructor="false" isStatic="false" isGetter="false" isSetter="false">
              <Summary numSequencePoints="0" visitedSequencePoints="0" numBranchPoints="0" visitedBranchPoints="0" sequenceCoverage="0" branchCoverage="0" maxCyclomaticComplexity="1" minCyclomaticComplexity="1" visitedClasses="0" numClasses="0" visitedMethods="0" numMethods="0" />
              <MetadataToken>100663338</MetadataToken>
              <Name>System.Threading.Tasks.Task`1&lt;System.Boolean&gt; ProGet.Net.ProGetClient::Feeds_AddFeedConnectorAsync(System.Int32,System.Int32)</Name>
              <SequencePoints />
              <BranchPoints />
              <MethodPoint vc="0" uspid="46" ordinal="0" offset="0" />
            </Method>
            <Method visited="false" cyclomaticComplexity="1" nPathComplexity="0" sequenceCoverage="0" branchCoverage="0" isConstructor="false" isStatic="false" isGetter="false" isSetter="false">
              <Summary numSequencePoints="0" visitedSequencePoints="0" numBranchPoints="0" visitedBranchPoints="0" sequenceCoverage="0" branchCoverage="0" maxCyclomaticComplexity="1" minCyclomaticComplexity="1" visitedClasses="0" numClasses="0" visitedMethods="0" numMethods="0" />
              <MetadataToken>100663339</MetadataToken>
              <Name>System.Threading.Tasks.Task`1&lt;System.Int32&gt; ProGet.Net.ProGetClient::Feeds_CreateOrUpdateBowerFeedAsync(System.Int32,System.String,System.String,System.Boolean,System.Boolean)</Name>
              <SequencePoints />
              <BranchPoints />
              <MethodPoint vc="0" uspid="47" ordinal="0" offset="0" />
            </Method>
            <Method visited="false" cyclomaticComplexity="1" nPathComplexity="0" sequenceCoverage="0" branchCoverage="0" isConstructor="false" isStatic="false" isGetter="false" isSetter="false">
              <Summary numSequencePoints="0" visitedSequencePoints="0" numBranchPoints="0" visitedBranchPoints="0" sequenceCoverage="0" branchCoverage="0" maxCyclomaticComplexity="1" minCyclomaticComplexity="1" visitedClasses="0" numClasses="0" visitedMethods="0" numMethods="0" />
              <MetadataToken>100663340</MetadataToken>
              <Name>System.Threading.Tasks.Task`1&lt;System.Int32&gt; ProGet.Net.ProGetClient::Feeds_CreateOrUpdateDockerFeedAsync(System.Int32,System.String,System.String,System.Boolean)</Name>
              <SequencePoints />
              <BranchPoints />
              <MethodPoint vc="0" uspid="48" ordinal="0" offset="0" />
            </Method>
            <Method visited="false" cyclomaticComplexity="1" nPathComplexity="0" sequenceCoverage="0" branchCoverage="0" isConstructor="false" isStatic="false" isGetter="false" isSetter="false">
              <Summary numSequencePoints="0" visitedSequencePoints="0" numBranchPoints="0" visitedBranchPoints="0" sequenceCoverage="0" branchCoverage="0" maxCyclomaticComplexity="1" minCyclomaticComplexity="1" visitedClasses="0" numClasses="0" visitedMethods="0" numMethods="0" />
              <MetadataToken>100663341</MetadataToken>
              <Name>System.Threading.Tasks.Task`1&lt;System.Int32&gt; ProGet.Net.ProGetClient::Feeds_CreateOrUpdateMavenFeedAsync(System.Int32,System.String,System.String,System.Boolean,System.Boolean)</Name>
              <SequencePoints />
              <BranchPoints />
              <MethodPoint vc="0" uspid="49" ordinal="0" offset="0" />
            </Method>
            <Method visited="false" cyclomaticComplexity="1" nPathComplexity="0" sequenceCoverage="0" branchCoverage="0" isConstructor="false" isStatic="false" isGetter="false" isSetter="false">
              <Summary numSequencePoints="0" visitedSequencePoints="0" numBranchPoints="0" visitedBranchPoints="0" sequenceCoverage="0" branchCoverage="0" maxCyclomaticComplexity="1" minCyclomaticComplexity="1" visitedClasses="0" numClasses="0" visitedMethods="0" numMethods="0" />
              <MetadataToken>100663342</MetadataToken>
              <Name>System.Threading.Tasks.Task`1&lt;System.Int32&gt; ProGet.Net.ProGetClient::Feeds_CreateOrUpdateNpmFeedAsync(System.Int32,System.String,System.String,System.Boolean,System.Boolean,System.String)</Name>
              <SequencePoints />
              <BranchPoints />
              <MethodPoint vc="0" uspid="50" ordinal="0" offset="0" />
            </Method>
            <Method visited="false" cyclomaticComplexity="1" nPathComplexity="0" sequenceCoverage="0" branchCoverage="0" isConstructor="false" isStatic="false" isGetter="false" isSetter="false">
              <Summary numSequencePoints="0" visitedSequencePoints="0" numBranchPoints="0" visitedBranchPoints="0" sequenceCoverage="0" branchCoverage="0" maxCyclomaticComplexity="1" minCyclomaticComplexity="1" visitedClasses="0" numClasses="0" visitedMethods="0" numMethods="0" />
              <MetadataToken>100663343</MetadataToken>
              <Name>System.Threading.Tasks.Task`1&lt;System.Int32&gt; ProGet.Net.ProGetClient::Feeds_CreateOrUpdateNuGetFeedAsync(System.Int32,System.String,System.String,System.Boolean,System.Boolean,System.String,System.String,System.Boolean,System.String,System.String,System.Boolean,System.String)</Name>
              <SequencePoints />
              <BranchPoints />
              <MethodPoint vc="0" uspid="51" ordinal="0" offset="0" />
            </Method>
            <Method visited="false" cyclomaticComplexity="1" nPathComplexity="0" sequenceCoverage="0" branchCoverage="0" isConstructor="false" isStatic="false" isGetter="false" isSetter="false">
              <Summary numSequencePoints="0" visitedSequencePoints="0" numBranchPoints="0" visitedBranchPoints="0" sequenceCoverage="0" branchCoverage="0" maxCyclomaticComplexity="1" minCyclomaticComplexity="1" visitedClasses="0" numClasses="0" visitedMethods="0" numMethods="0" />
              <MetadataToken>100663344</MetadataToken>
              <Name>System.Threading.Tasks.Task`1&lt;System.Int32&gt; ProGet.Net.ProGetClient::Feeds_CreateOrUpdateProGetFeedAsync(System.Int32,System.String,System.String,System.Boolean,System.Boolean,System.String)</Name>
              <SequencePoints />
              <BranchPoints />
              <MethodPoint vc="0" uspid="52" ordinal="0" offset="0" />
            </Method>
            <Method visited="false" cyclomaticComplexity="1" nPathComplexity="0" sequenceCoverage="0" branchCoverage="0" isConstructor="false" isStatic="false" isGetter="false" isSetter="false">
              <Summary numSequencePoints="0" visitedSequencePoints="0" numBranchPoints="0" visitedBranchPoints="0" sequenceCoverage="0" branchCoverage="0" maxCyclomaticComplexity="1" minCyclomaticComplexity="1" visitedClasses="0" numClasses="0" visitedMethods="0" numMethods="0" />
              <MetadataToken>100663345</MetadataToken>
              <Name>System.Threading.Tasks.Task`1&lt;System.Boolean&gt; ProGet.Net.ProGetClient::Feeds_DeleteFeedAsync(System.Int32)</Name>
              <SequencePoints />
              <BranchPoints />
              <MethodPoint vc="0" uspid="53" ordinal="0" offset="0" />
            </Method>
            <Method visited="false" cyclomaticComplexity="1" nPathComplexity="0" sequenceCoverage="0" branchCoverage="0" isConstructor="false" isStatic="false" isGetter="false" isSetter="false">
              <Summary numSequencePoints="0" visitedSequencePoints="0" numBranchPoints="0" visitedBranchPoints="0" sequenceCoverage="0" branchCoverage="0" maxCyclomaticComplexity="1" minCyclomaticComplexity="1" visitedClasses="0" numClasses="0" visitedMethods="0" numMethods="0" />
              <MetadataToken>100663346</MetadataToken>
              <Name>System.Threading.Tasks.Task`1&lt;System.Boolean&gt; ProGet.Net.ProGetClient::Feeds_DeleteFeedConnectorAsync(System.Int32,System.Int32)</Name>
              <SequencePoints />
              <BranchPoints />
              <MethodPoint vc="0" uspid="54" ordinal="0" offset="0" />
            </Method>
            <Method visited="false" cyclomaticComplexity="1" nPathComplexity="0" sequenceCoverage="0" branchCoverage="0" isConstructor="false" isStatic="false" isGetter="false" isSetter="false">
              <Summary numSequencePoints="0" visitedSequencePoints="0" numBranchPoints="0" visitedBranchPoints="0" sequenceCoverage="0" branchCoverage="0" maxCyclomaticComplexity="1" minCyclomaticComplexity="1" visitedClasses="0" numClasses="0" visitedMethods="0" numMethods="0" />
              <MetadataToken>100663347</MetadataToken>
              <Name>System.Threading.Tasks.Task`1&lt;System.Boolean&gt; ProGet.Net.ProGetClient::Feeds_DeleteSyncSettingsAsync(System.Int32)</Name>
              <SequencePoints />
              <BranchPoints />
              <MethodPoint vc="0" uspid="55" ordinal="0" offset="0" />
            </Method>
            <Method visited="true" cyclomaticComplexity="1" nPathComplexity="0" sequenceCoverage="0" branchCoverage="0" isConstructor="false" isStatic="false" isGetter="false" isSetter="false">
              <Summary numSequencePoints="0" visitedSequencePoints="0" numBranchPoints="0" visitedBranchPoints="0" sequenceCoverage="0" branchCoverage="0" maxCyclomaticComplexity="1" minCyclomaticComplexity="1" visitedClasses="0" numClasses="0" visitedMethods="0" numMethods="0" />
              <MetadataToken>100663348</MetadataToken>
              <Name>System.Threading.Tasks.Task`1&lt;ProGet.Net.Native.Models.Feed&gt; ProGet.Net.ProGetClient::Feeds_GetFeedAsync(System.Int32,System.String)</Name>
              <SequencePoints />
              <BranchPoints />
              <MethodPoint vc="1" uspid="56" ordinal="0" offset="0" />
            </Method>
            <Method visited="true" cyclomaticComplexity="1" nPathComplexity="0" sequenceCoverage="0" branchCoverage="0" isConstructor="false" isStatic="false" isGetter="false" isSetter="false">
              <Summary numSequencePoints="0" visitedSequencePoints="0" numBranchPoints="0" visitedBranchPoints="0" sequenceCoverage="0" branchCoverage="0" maxCyclomaticComplexity="1" minCyclomaticComplexity="1" visitedClasses="0" numClasses="0" visitedMethods="0" numMethods="0" />
              <MetadataToken>100663349</MetadataToken>
              <Name>System.Threading.Tasks.Task`1&lt;System.Collections.Generic.IEnumerable`1&lt;ProGet.Net.Native.Models.FeedConnectorExtended&gt;&gt; ProGet.Net.ProGetClient::Feeds_GetFeedConnectorsAsync(System.Int32,System.String)</Name>
              <SequencePoints />
              <BranchPoints />
              <MethodPoint vc="1" uspid="57" ordinal="0" offset="0" />
            </Method>
            <Method visited="true" cyclomaticComplexity="1" nPathComplexity="0" sequenceCoverage="0" branchCoverage="0" isConstructor="false" isStatic="false" isGetter="false" isSetter="false">
              <Summary numSequencePoints="0" visitedSequencePoints="0" numBranchPoints="0" visitedBranchPoints="0" sequenceCoverage="0" branchCoverage="0" maxCyclomaticComplexity="1" minCyclomaticComplexity="1" visitedClasses="0" numClasses="0" visitedMethods="0" numMethods="0" />
              <MetadataToken>100663350</MetadataToken>
              <Name>System.Threading.Tasks.Task`1&lt;System.Collections.Generic.IEnumerable`1&lt;ProGet.Net.Native.Models.Feed&gt;&gt; ProGet.Net.ProGetClient::Feeds_GetFeedsAsync(System.Boolean)</Name>
              <SequencePoints />
              <BranchPoints />
              <MethodPoint vc="1" uspid="58" ordinal="0" offset="0" />
            </Method>
            <Method visited="true" cyclomaticComplexity="1" nPathComplexity="0" sequenceCoverage="0" branchCoverage="0" isConstructor="false" isStatic="false" isGetter="false" isSetter="false">
              <Summary numSequencePoints="0" visitedSequencePoints="0" numBranchPoints="0" visitedBranchPoints="0" sequenceCoverage="0" branchCoverage="0" maxCyclomaticComplexity="1" minCyclomaticComplexity="1" visitedClasses="0" numClasses="0" visitedMethods="0" numMethods="0" />
              <MetadataToken>100663351</MetadataToken>
              <Name>System.Threading.Tasks.Task`1&lt;System.Collections.Generic.IEnumerable`1&lt;ProGet.Net.Native.Models.FeedLicenseUrl&gt;&gt; ProGet.Net.ProGetClient::Feeds_GetLicenseUrlsAsync(System.Int32)</Name>
              <SequencePoints />
              <BranchPoints />
              <MethodPoint vc="1" uspid="59" ordinal="0" offset="0" />
            </Method>
            <Method visited="true" cyclomaticComplexity="1" nPathComplexity="0" sequenceCoverage="0" branchCoverage="0" isConstructor="false" isStatic="false" isGetter="false" isSetter="false">
              <Summary numSequencePoints="0" visitedSequencePoints="0" numBranchPoints="0" visitedBranchPoints="0" sequenceCoverage="0" branchCoverage="0" maxCyclomaticComplexity="1" minCyclomaticComplexity="1" visitedClasses="0" numClasses="0" visitedMethods="0" numMethods="0" />
              <MetadataToken>100663352</MetadataToken>
              <Name>System.Threading.Tasks.Task`1&lt;ProGet.Net.Native.Models.FeedsFeedConnectorsExtended&gt; ProGet.Net.ProGetClient::Feeds_GetMavenFeedAsync(System.Int32,System.String)</Name>
              <SequencePoints />
              <BranchPoints />
              <MethodPoint vc="1" uspid="60" ordinal="0" offset="0" />
            </Method>
            <Method visited="true" cyclomaticComplexity="1" nPathComplexity="0" sequenceCoverage="0" branchCoverage="0" isConstructor="false" isStatic="false" isGetter="false" isSetter="false">
              <Summary numSequencePoints="0" visitedSequencePoints="0" numBranchPoints="0" visitedBranchPoints="0" sequenceCoverage="0" branchCoverage="0" maxCyclomaticComplexity="1" minCyclomaticComplexity="1" visitedClasses="0" numClasses="0" visitedMethods="0" numMethods="0" />
              <MetadataToken>100663353</MetadataToken>
              <Name>System.Threading.Tasks.Task`1&lt;ProGet.Net.Native.Models.FeedsFeedConnectorsExtended&gt; ProGet.Net.ProGetClient::Feeds_GetNpmFeedAsync(System.Int32,System.String)</Name>
              <SequencePoints />
              <BranchPoints />
              <MethodPoint vc="1" uspid="61" ordinal="0" offset="0" />
            </Method>
            <Method visited="true" cyclomaticComplexity="1" nPathComplexity="0" sequenceCoverage="0" branchCoverage="0" isConstructor="false" isStatic="false" isGetter="false" isSetter="false">
              <Summary numSequencePoints="0" visitedSequencePoints="0" numBranchPoints="0" visitedBranchPoints="0" sequenceCoverage="0" branchCoverage="0" maxCyclomaticComplexity="1" minCyclomaticComplexity="1" visitedClasses="0" numClasses="0" visitedMethods="0" numMethods="0" />
              <MetadataToken>100663354</MetadataToken>
              <Name>System.Threading.Tasks.Task`1&lt;ProGet.Net.Native.Models.NuGetFeedsExtendedFeedConnectorsExtendedFeedLIcenseUrls&gt; ProGet.Net.ProGetClient::Feeds_GetNuGetFeedAsync(System.Int32,System.String)</Name>
              <SequencePoints />
              <BranchPoints />
              <MethodPoint vc="1" uspid="62" ordinal="0" offset="0" />
            </Method>
            <Method visited="true" cyclomaticComplexity="1" nPathComplexity="0" sequenceCoverage="0" branchCoverage="0" isConstructor="false" isStatic="false" isGetter="false" isSetter="false">
              <Summary numSequencePoints="0" visitedSequencePoints="0" numBranchPoints="0" visitedBranchPoints="0" sequenceCoverage="0" branchCoverage="0" maxCyclomaticComplexity="1" minCyclomaticComplexity="1" visitedClasses="0" numClasses="0" visitedMethods="0" numMethods="0" />
              <MetadataToken>100663355</MetadataToken>
              <Name>System.Threading.Tasks.Task`1&lt;ProGet.Net.Native.Models.NuGetSyncFeedsNuGetFeedsExtended&gt; ProGet.Net.ProGetClient::Feeds_GetSyncFeedsAsync()</Name>
              <SequencePoints />
              <BranchPoints />
              <MethodPoint vc="1" uspid="63" ordinal="0" offset="0" />
            </Method>
            <Method visited="true" cyclomaticComplexity="1" nPathComplexity="0" sequenceCoverage="0" branchCoverage="0" isConstructor="false" isStatic="false" isGetter="false" isSetter="false">
              <Summary numSequencePoints="0" visitedSequencePoints="0" numBranchPoints="0" visitedBranchPoints="0" sequenceCoverage="0" branchCoverage="0" maxCyclomaticComplexity="1" minCyclomaticComplexity="1" visitedClasses="0" numClasses="0" visitedMethods="0" numMethods="0" />
              <MetadataToken>100663356</MetadataToken>
              <Name>System.Threading.Tasks.Task`1&lt;ProGet.Net.Native.Models.NuGetSyncFeed&gt; ProGet.Net.ProGetClient::Feeds_GetSyncSettingsAsync(System.Int32)</Name>
              <SequencePoints />
              <BranchPoints />
              <MethodPoint vc="1" uspid="64" ordinal="0" offset="0" />
            </Method>
            <Method visited="false" cyclomaticComplexity="1" nPathComplexity="0" sequenceCoverage="0" branchCoverage="0" isConstructor="false" isStatic="false" isGetter="false" isSetter="false">
              <Summary numSequencePoints="0" visitedSequencePoints="0" numBranchPoints="0" visitedBranchPoints="0" sequenceCoverage="0" branchCoverage="0" maxCyclomaticComplexity="1" minCyclomaticComplexity="1" visitedClasses="0" numClasses="0" visitedMethods="0" numMethods="0" />
              <MetadataToken>100663357</MetadataToken>
              <Name>System.Threading.Tasks.Task`1&lt;System.Boolean&gt; ProGet.Net.ProGetClient::Feeds_SetFeedPropertyAsync(System.Int32,System.String,System.String,System.Boolean,System.Boolean,System.String,System.String,System.String,System.String,System.Byte[],System.String)</Name>
              <SequencePoints />
              <BranchPoints />
              <MethodPoint vc="0" uspid="65" ordinal="0" offset="0" />
            </Method>
            <Method visited="false" cyclomaticComplexity="1" nPathComplexity="0" sequenceCoverage="0" branchCoverage="0" isConstructor="false" isStatic="false" isGetter="false" isSetter="false">
              <Summary numSequencePoints="0" visitedSequencePoints="0" numBranchPoints="0" visitedBranchPoints="0" sequenceCoverage="0" branchCoverage="0" maxCyclomaticComplexity="1" minCyclomaticComplexity="1" visitedClasses="0" numClasses="0" visitedMethods="0" numMethods="0" />
              <MetadataToken>100663358</MetadataToken>
              <Name>System.Threading.Tasks.Task`1&lt;System.Boolean&gt; ProGet.Net.ProGetClient::Feeds_SetLicenseUrlsAsync(System.Int32,System.String)</Name>
              <SequencePoints />
              <BranchPoints />
              <MethodPoint vc="0" uspid="66" ordinal="0" offset="0" />
            </Method>
            <Method visited="false" cyclomaticComplexity="1" nPathComplexity="0" sequenceCoverage="0" branchCoverage="0" isConstructor="false" isStatic="false" isGetter="false" isSetter="false">
              <Summary numSequencePoints="0" visitedSequencePoints="0" numBranchPoints="0" visitedBranchPoints="0" sequenceCoverage="0" branchCoverage="0" maxCyclomaticComplexity="1" minCyclomaticComplexity="1" visitedClasses="0" numClasses="0" visitedMethods="0" numMethods="0" />
              <MetadataToken>100663359</MetadataToken>
              <Name>System.Threading.Tasks.Task`1&lt;System.Boolean&gt; ProGet.Net.ProGetClient::Feeds_SetNuGetFeedPropertyAsync(System.Int32,System.String,System.Boolean,System.Boolean,System.Boolean)</Name>
              <SequencePoints />
              <BranchPoints />
              <MethodPoint vc="0" uspid="67" ordinal="0" offset="0" />
            </Method>
            <Method visited="false" cyclomaticComplexity="1" nPathComplexity="0" sequenceCoverage="0" branchCoverage="0" isConstructor="false" isStatic="false" isGetter="false" isSetter="false">
              <Summary numSequencePoints="0" visitedSequencePoints="0" numBranchPoints="0" visitedBranchPoints="0" sequenceCoverage="0" branchCoverage="0" maxCyclomaticComplexity="1" minCyclomaticComplexity="1" visitedClasses="0" numClasses="0" visitedMethods="0" numMethods="0" />
              <MetadataToken>100663360</MetadataToken>
              <Name>System.Threading.Tasks.Task`1&lt;System.Boolean&gt; ProGet.Net.ProGetClient::Feeds_UpdateSyncSettingsAsync(System.Int32,System.String,System.String,System.Byte[],System.Int32,System.Boolean)</Name>
              <SequencePoints />
              <BranchPoints />
              <MethodPoint vc="0" uspid="68" ordinal="0" offset="0" />
            </Method>
            <Method visited="false" cyclomaticComplexity="1" nPathComplexity="0" sequenceCoverage="0" branchCoverage="0" isConstructor="false" isStatic="false" isGetter="false" isSetter="false">
              <Summary numSequencePoints="0" visitedSequencePoints="0" numBranchPoints="0" visitedBranchPoints="0" sequenceCoverage="0" branchCoverage="0" maxCyclomaticComplexity="1" minCyclomaticComplexity="1" visitedClasses="0" numClasses="0" visitedMethods="0" numMethods="0" />
              <MetadataToken>100663361</MetadataToken>
              <Name>System.Threading.Tasks.Task`1&lt;System.Boolean&gt; ProGet.Net.ProGetClient::IndexingServers_DeleteServerAsync(System.String)</Name>
              <SequencePoints />
              <BranchPoints />
              <MethodPoint vc="0" uspid="69" ordinal="0" offset="0" />
            </Method>
            <Method visited="true" cyclomaticComplexity="1" nPathComplexity="0" sequenceCoverage="0" branchCoverage="0" isConstructor="false" isStatic="false" isGetter="false" isSetter="false">
              <Summary numSequencePoints="0" visitedSequencePoints="0" numBranchPoints="0" visitedBranchPoints="0" sequenceCoverage="0" branchCoverage="0" maxCyclomaticComplexity="1" minCyclomaticComplexity="1" visitedClasses="0" numClasses="0" visitedMethods="0" numMethods="0" />
              <MetadataToken>100663362</MetadataToken>
              <Name>System.Threading.Tasks.Task`1&lt;System.Collections.Generic.IEnumerable`1&lt;ProGet.Net.Native.Models.IndexingServer&gt;&gt; ProGet.Net.ProGetClient::IndexingServers_GetServersAsync()</Name>
              <SequencePoints />
              <BranchPoints />
              <MethodPoint vc="1" uspid="70" ordinal="0" offset="0" />
            </Method>
            <Method visited="false" cyclomaticComplexity="1" nPathComplexity="0" sequenceCoverage="0" branchCoverage="0" isConstructor="false" isStatic="false" isGetter="false" isSetter="false">
              <Summary numSequencePoints="0" visitedSequencePoints="0" numBranchPoints="0" visitedBranchPoints="0" sequenceCoverage="0" branchCoverage="0" maxCyclomaticComplexity="1" minCyclomaticComplexity="1" visitedClasses="0" numClasses="0" visitedMethods="0" numMethods="0" />
              <MetadataToken>100663363</MetadataToken>
              <Name>System.Threading.Tasks.Task`1&lt;System.Boolean&gt; ProGet.Net.ProGetClient::LogMessages_DeleteMessagesAsync(System.Nullable`1&lt;System.Int32&gt;,System.String)</Name>
              <SequencePoints />
              <BranchPoints />
              <MethodPoint vc="0" uspid="71" ordinal="0" offset="0" />
            </Method>
            <Method visited="false" cyclomaticComplexity="1" nPathComplexity="0" sequenceCoverage="0" branchCoverage="0" isConstructor="false" isStatic="false" isGetter="false" isSetter="false">
              <Summary numSequencePoints="0" visitedSequencePoints="0" numBranchPoints="0" visitedBranchPoints="0" sequenceCoverage="0" branchCoverage="0" maxCyclomaticComplexity="1" minCyclomaticComplexity="1" visitedClasses="0" numClasses="0" visitedMethods="0" numMethods="0" />
              <MetadataToken>100663364</MetadataToken>
              <Name>System.Threading.Tasks.Task`1&lt;ProGet.Net.Native.Models.LogMessage&gt; ProGet.Net.ProGetClient::LogMessages_GetMessageAsync(System.Int32)</Name>
              <SequencePoints />
              <BranchPoints />
              <MethodPoint vc="0" uspid="72" ordinal="0" offset="0" />
            </Method>
            <Method visited="true" cyclomaticComplexity="1" nPathComplexity="0" sequenceCoverage="0" branchCoverage="0" isConstructor="false" isStatic="false" isGetter="false" isSetter="false">
              <Summary numSequencePoints="0" visitedSequencePoints="0" numBranchPoints="0" visitedBranchPoints="0" sequenceCoverage="0" branchCoverage="0" maxCyclomaticComplexity="1" minCyclomaticComplexity="1" visitedClasses="0" numClasses="0" visitedMethods="0" numMethods="0" />
              <MetadataToken>100663365</MetadataToken>
              <Name>System.Threading.Tasks.Task`1&lt;System.Collections.Generic.IEnumerable`1&lt;ProGet.Net.Native.Models.LogMessage&gt;&gt; ProGet.Net.ProGetClient::LogMessages_GetMessagesAsync(System.Int32,System.Boolean,System.String,System.Int32)</Name>
              <SequencePoints />
              <BranchPoints />
              <MethodPoint vc="1" uspid="73" ordinal="0" offset="0" />
            </Method>
            <Method visited="true" cyclomaticComplexity="1" nPathComplexity="0" sequenceCoverage="0" branchCoverage="0" isConstructor="false" isStatic="false" isGetter="false" isSetter="false">
              <Summary numSequencePoints="0" visitedSequencePoints="0" numBranchPoints="0" visitedBranchPoints="0" sequenceCoverage="0" branchCoverage="0" maxCyclomaticComplexity="1" minCyclomaticComplexity="1" visitedClasses="0" numClasses="0" visitedMethods="0" numMethods="0" />
              <MetadataToken>100663366</MetadataToken>
              <Name>System.Threading.Tasks.Task`1&lt;System.Collections.Generic.IEnumerable`1&lt;ProGet.Net.Native.Models.MavenArtifactFileExtended&gt;&gt; ProGet.Net.ProGetClient::MavenArtifacts_GetArtifactFilesAsync(System.Int32,System.String,System.String,System.String,System.String)</Name>
              <SequencePoints />
              <BranchPoints />
              <MethodPoint vc="1" uspid="74" ordinal="0" offset="0" />
            </Method>
            <Method visited="true" cyclomaticComplexity="1" nPathComplexity="0" sequenceCoverage="0" branchCoverage="0" isConstructor="false" isStatic="false" isGetter="false" isSetter="false">
              <Summary numSequencePoints="0" visitedSequencePoints="0" numBranchPoints="0" visitedBranchPoints="0" sequenceCoverage="0" branchCoverage="0" maxCyclomaticComplexity="1" minCyclomaticComplexity="1" visitedClasses="0" numClasses="0" visitedMethods="0" numMethods="0" />
              <MetadataToken>100663367</MetadataToken>
              <Name>System.Threading.Tasks.Task`1&lt;System.Collections.Generic.IEnumerable`1&lt;ProGet.Net.Native.Models.MavenArtifactExtended&gt;&gt; ProGet.Net.ProGetClient::MavenArtifacts_GetArtifactsAsync(System.Int32,System.String,System.String)</Name>
              <SequencePoints />
              <BranchPoints />
              <MethodPoint vc="1" uspid="75" ordinal="0" offset="0" />
            </Method>
            <Method visited="true" cyclomaticComplexity="1" nPathComplexity="0" sequenceCoverage="0" branchCoverage="0" isConstructor="false" isStatic="false" isGetter="false" isSetter="false">
              <Summary numSequencePoints="0" visitedSequencePoints="0" numBranchPoints="0" visitedBranchPoints="0" sequenceCoverage="0" branchCoverage="0" maxCyclomaticComplexity="1" minCyclomaticComplexity="1" visitedClasses="0" numClasses="0" visitedMethods="0" numMethods="0" />
              <MetadataToken>100663368</MetadataToken>
              <Name>System.Threading.Tasks.Task`1&lt;System.Collections.Generic.IEnumerable`1&lt;ProGet.Net.Native.Models.MavenArtifactVersion&gt;&gt; ProGet.Net.ProGetClient::MavenArtifacts_GetArtifactVersionsAsync(System.Int32,System.String,System.String)</Name>
              <SequencePoints />
              <BranchPoints />
              <MethodPoint vc="1" uspid="76" ordinal="0" offset="0" />
            </Method>
            <Method visited="true" cyclomaticComplexity="1" nPathComplexity="0" sequenceCoverage="0" branchCoverage="0" isConstructor="false" isStatic="false" isGetter="false" isSetter="false">
              <Summary numSequencePoints="0" visitedSequencePoints="0" numBranchPoints="0" visitedBranchPoints="0" sequenceCoverage="0" branchCoverage="0" maxCyclomaticComplexity="1" minCyclomaticComplexity="1" visitedClasses="0" numClasses="0" visitedMethods="0" numMethods="0" />
              <MetadataToken>100663369</MetadataToken>
              <Name>System.Threading.Tasks.Task`1&lt;System.Collections.Generic.IEnumerable`1&lt;ProGet.Net.Native.Models.NpmConnectorPackage&gt;&gt; ProGet.Net.ProGetClient::NpmConnectors_GetPackagesAsync(System.Int32,System.String,System.String,System.DateTime,System.Int32)</Name>
              <SequencePoints />
              <BranchPoints />
              <MethodPoint vc="1" uspid="77" ordinal="0" offset="0" />
            </Method>
            <Method visited="true" cyclomaticComplexity="1" nPathComplexity="0" sequenceCoverage="0" branchCoverage="0" isConstructor="false" isStatic="false" isGetter="false" isSetter="false">
              <Summary numSequencePoints="0" visitedSequencePoints="0" numBranchPoints="0" visitedBranchPoints="0" sequenceCoverage="0" branchCoverage="0" maxCyclomaticComplexity="1" minCyclomaticComplexity="1" visitedClasses="0" numClasses="0" visitedMethods="0" numMethods="0" />
              <MetadataToken>100663370</MetadataToken>
              <Name>System.Threading.Tasks.Task`1&lt;System.Collections.Generic.IEnumerable`1&lt;ProGet.Net.Native.Models.NpmPackageAllVersions&gt;&gt; ProGet.Net.ProGetClient::NpmFeeds_GetAllPackageVersionsAsync(System.Int32)</Name>
              <SequencePoints />
              <BranchPoints />
              <MethodPoint vc="1" uspid="78" ordinal="0" offset="0" />
            </Method>
            <Method visited="true" cyclomaticComplexity="1" nPathComplexity="0" sequenceCoverage="0" branchCoverage="0" isConstructor="false" isStatic="false" isGetter="false" isSetter="false">
              <Summary numSequencePoints="0" visitedSequencePoints="0" numBranchPoints="0" visitedBranchPoints="0" sequenceCoverage="0" branchCoverage="0" maxCyclomaticComplexity="1" minCyclomaticComplexity="1" visitedClasses="0" numClasses="0" visitedMethods="0" numMethods="0" />
              <MetadataToken>100663371</MetadataToken>
              <Name>System.Threading.Tasks.Task`1&lt;ProGet.Net.Native.Models.NpmConnectorPackage&gt; ProGet.Net.ProGetClient::NpmFeeds_GetConnectorPackageAsync(System.Int32,System.String,System.String)</Name>
              <SequencePoints />
              <BranchPoints />
              <MethodPoint vc="1" uspid="79" ordinal="0" offset="0" />
            </Method>
            <Method visited="true" cyclomaticComplexity="1" nPathComplexity="0" sequenceCoverage="0" branchCoverage="0" isConstructor="false" isStatic="false" isGetter="false" isSetter="false">
              <Summary numSequencePoints="0" visitedSequencePoints="0" numBranchPoints="0" visitedBranchPoints="0" sequenceCoverage="0" branchCoverage="0" maxCyclomaticComplexity="1" minCyclomaticComplexity="1" visitedClasses="0" numClasses="0" visitedMethods="0" numMethods="0" />
              <MetadataToken>100663372</MetadataToken>
              <Name>System.Threading.Tasks.Task`1&lt;System.Collections.Generic.IEnumerable`1&lt;ProGet.Net.Native.Models.NpmPackageLatest&gt;&gt; ProGet.Net.ProGetClient::NpmFeeds_GetLatestPackageVersionsAsync(System.Int32,System.DateTime)</Name>
              <SequencePoints />
              <BranchPoints />
              <MethodPoint vc="1" uspid="80" ordinal="0" offset="0" />
            </Method>
            <Method visited="false" cyclomaticComplexity="1" nPathComplexity="0" sequenceCoverage="0" branchCoverage="0" isConstructor="false" isStatic="false" isGetter="false" isSetter="false">
              <Summary numSequencePoints="0" visitedSequencePoints="0" numBranchPoints="0" visitedBranchPoints="0" sequenceCoverage="0" branchCoverage="0" maxCyclomaticComplexity="1" minCyclomaticComplexity="1" visitedClasses="0" numClasses="0" visitedMethods="0" numMethods="0" />
              <MetadataToken>100663373</MetadataToken>
              <Name>System.Threading.Tasks.Task`1&lt;System.Boolean&gt; ProGet.Net.ProGetClient::NpmFeeds_SetTagVersionAsync(System.Int32,System.String,System.String,System.String,System.String)</Name>
              <SequencePoints />
              <BranchPoints />
              <MethodPoint vc="0" uspid="81" ordinal="0" offset="0" />
            </Method>
            <Method visited="false" cyclomaticComplexity="1" nPathComplexity="0" sequenceCoverage="0" branchCoverage="0" isConstructor="false" isStatic="false" isGetter="false" isSetter="false">
              <Summary numSequencePoints="0" visitedSequencePoints="0" numBranchPoints="0" visitedBranchPoints="0" sequenceCoverage="0" branchCoverage="0" maxCyclomaticComplexity="1" minCyclomaticComplexity="1" visitedClasses="0" numClasses="0" visitedMethods="0" numMethods="0" />
              <MetadataToken>100663374</MetadataToken>
              <Name>System.Threading.Tasks.Task`1&lt;System.Boolean&gt; ProGet.Net.ProGetClient::NpmPackages_CreateOrUpdatePackageAsync(System.Int32,System.String,System.String,System.String,System.Byte[],System.DateTime,System.String,System.Byte[],System.Boolean,System.Int64)</Name>
              <SequencePoints />
              <BranchPoints />
              <MethodPoint vc="0" uspid="82" ordinal="0" offset="0" />
            </Method>
            <Method visited="false" cyclomaticComplexity="1" nPathComplexity="0" sequenceCoverage="0" branchCoverage="0" isConstructor="false" isStatic="false" isGetter="false" isSetter="false">
              <Summary numSequencePoints="0" visitedSequencePoints="0" numBranchPoints="0" visitedBranchPoints="0" sequenceCoverage="0" branchCoverage="0" maxCyclomaticComplexity="1" minCyclomaticComplexity="1" visitedClasses="0" numClasses="0" visitedMethods="0" numMethods="0" />
              <MetadataToken>100663375</MetadataToken>
              <Name>System.Threading.Tasks.Task`1&lt;System.Boolean&gt; ProGet.Net.ProGetClient::NpmPackages_DeletePackageAsync(System.Int32,System.String,System.String,System.String)</Name>
              <SequencePoints />
              <BranchPoints />
              <MethodPoint vc="0" uspid="83" ordinal="0" offset="0" />
            </Method>
            <Method visited="true" cyclomaticComplexity="1" nPathComplexity="0" sequenceCoverage="0" branchCoverage="0" isConstructor="false" isStatic="false" isGetter="false" isSetter="false">
              <Summary numSequencePoints="0" visitedSequencePoints="0" numBranchPoints="0" visitedBranchPoints="0" sequenceCoverage="0" branchCoverage="0" maxCyclomaticComplexity="1" minCyclomaticComplexity="1" visitedClasses="0" numClasses="0" visitedMethods="0" numMethods="0" />
              <MetadataToken>100663376</MetadataToken>
              <Name>System.Threading.Tasks.Task`1&lt;ProGet.Net.Native.Models.NpmPackagesVersionsTags&gt; ProGet.Net.ProGetClient::NpmPackages_GetPackageAsync(System.Int32,System.String,System.String)</Name>
              <SequencePoints />
              <BranchPoints />
              <MethodPoint vc="1" uspid="84" ordinal="0" offset="0" />
            </Method>
            <Method visited="false" cyclomaticComplexity="1" nPathComplexity="0" sequenceCoverage="0" branchCoverage="0" isConstructor="false" isStatic="false" isGetter="false" isSetter="false">
              <Summary numSequencePoints="0" visitedSequencePoints="0" numBranchPoints="0" visitedBranchPoints="0" sequenceCoverage="0" branchCoverage="0" maxCyclomaticComplexity="1" minCyclomaticComplexity="1" visitedClasses="0" numClasses="0" visitedMethods="0" numMethods="0" />
              <MetadataToken>100663377</MetadataToken>
              <Name>System.Threading.Tasks.Task`1&lt;System.Int32&gt; ProGet.Net.ProGetClient::NuGetPackages_CreateOrUpdatePackageAsync(System.Int32,System.String,System.String,System.String,System.DateTime,System.Int64,System.Byte[],System.Byte[],System.Boolean,System.Boolean,System.Boolean,System.String,System.Boolean,System.Int32,System.Boolean)</Name>
              <SequencePoints />
              <BranchPoints />
              <MethodPoint vc="0" uspid="85" ordinal="0" offset="0" />
            </Method>
            <Method visited="true" cyclomaticComplexity="1" nPathComplexity="0" sequenceCoverage="0" branchCoverage="0" isConstructor="false" isStatic="false" isGetter="false" isSetter="false">
              <Summary numSequencePoints="0" visitedSequencePoints="0" numBranchPoints="0" visitedBranchPoints="0" sequenceCoverage="0" branchCoverage="0" maxCyclomaticComplexity="1" minCyclomaticComplexity="1" visitedClasses="0" numClasses="0" visitedMethods="0" numMethods="0" />
              <MetadataToken>100663378</MetadataToken>
              <Name>System.Threading.Tasks.Task`1&lt;System.Collections.Generic.IEnumerable`1&lt;ProGet.Net.Native.Models.NuGetPackageLatest&gt;&gt; ProGet.Net.ProGetClient::NuGetPackages_GetLatestAsync(System.Int32,System.String)</Name>
[...]
              <Name>System.Void ProGet.Net.ProGetClient/&lt;UniversalFeed_SearchPackagesAsync&gt;d__127::.ctor()</Name>
              <SequencePoints />
              <BranchPoints />
              <MethodPoint vc="0" uspid="1266" ordinal="0" offset="0" />
            </Method>
            <Method visited="false" cyclomaticComplexity="3" nPathComplexity="0" sequenceCoverage="0" branchCoverage="0" isConstructor="false" isStatic="false" isGetter="false" isSetter="false">
              <Summary numSequencePoints="3" visitedSequencePoints="0" numBranchPoints="1" visitedBranchPoints="0" sequenceCoverage="0" branchCoverage="0" maxCyclomaticComplexity="3" minCyclomaticComplexity="3" visitedClasses="0" numClasses="0" visitedMethods="0" numMethods="1" />
              <MetadataToken>100664526</MetadataToken>
              <Name>System.Void ProGet.Net.ProGetClient/&lt;UniversalFeed_SearchPackagesAsync&gt;d__127::MoveNext()</Name>
              <FileRef uid="4" />
              <SequencePoints>
                <SequencePoint vc="0" uspid="1267" ordinal="0" offset="17" sl="125" sc="9" el="125" ec="10" bec="0" bev="0" fileid="4" />
                <SequencePoint vc="0" uspid="1268" ordinal="1" offset="18" sl="126" sc="13" el="129" ec="15" bec="0" bev="0" fileid="4" />
                <SequencePoint vc="0" uspid="1269" ordinal="2" offset="78" sl="131" sc="13" el="132" ec="55" bec="0" bev="0" fileid="4" />
              </SequencePoints>
              <BranchPoints />
              <MethodPoint vc="0" uspid="1275" ordinal="0" offset="0" />
            </Method>
            <Method visited="false" cyclomaticComplexity="1" nPathComplexity="0" sequenceCoverage="0" branchCoverage="0" isConstructor="false" isStatic="false" isGetter="false" isSetter="false">
              <Summary numSequencePoints="0" visitedSequencePoints="0" numBranchPoints="0" visitedBranchPoints="0" sequenceCoverage="0" branchCoverage="0" maxCyclomaticComplexity="1" minCyclomaticComplexity="1" visitedClasses="0" numClasses="0" visitedMethods="0" numMethods="0" />
              <MetadataToken>100664527</MetadataToken>
              <Name>System.Void ProGet.Net.ProGetClient/&lt;UniversalFeed_SearchPackagesAsync&gt;d__127::SetStateMachine(System.Runtime.CompilerServices.IAsyncStateMachine)</Name>
              <SequencePoints />
              <BranchPoints />
              <MethodPoint vc="0" uspid="1276" ordinal="0" offset="0" />
            </Method>
          </Methods>
        </Class>
        <Class>
          <Summary numSequencePoints="9" visitedSequencePoints="5" numBranchPoints="2" visitedBranchPoints="1" sequenceCoverage="55.56" branchCoverage="50" maxCyclomaticComplexity="1" minCyclomaticComplexity="1" visitedClasses="1" numClasses="1" visitedMethods="1" numMethods="2" />
          <FullName>ProGet.Net.Common.NamedValue</FullName>
          <Methods>
            <Method skippedDueTo="AutoImplementedProperty" visited="false" cyclomaticComplexity="1" nPathComplexity="0" sequenceCoverage="0" branchCoverage="0" isConstructor="false" isStatic="false" isGetter="true" isSetter="false">
              <MetadataToken>100664154</MetadataToken>
              <Name>System.String ProGet.Net.Common.NamedValue::get_Name()</Name>
              <FileRef uid="126" />
              <SequencePoints />
              <BranchPoints />
            </Method>
            <Method skippedDueTo="AutoImplementedProperty" visited="false" cyclomaticComplexity="1" nPathComplexity="0" sequenceCoverage="0" branchCoverage="0" isConstructor="false" isStatic="false" isGetter="true" isSetter="false">
              <MetadataToken>100664155</MetadataToken>
              <Name>System.Object ProGet.Net.Common.NamedValue::get_Value()</Name>
              <FileRef uid="126" />
              <SequencePoints />
              <BranchPoints />
            </Method>
            <Method visited="true" cyclomaticComplexity="1" nPathComplexity="0" sequenceCoverage="100" branchCoverage="100" isConstructor="true" isStatic="false" isGetter="false" isSetter="false">
              <Summary numSequencePoints="5" visitedSequencePoints="5" numBranchPoints="1" visitedBranchPoints="1" sequenceCoverage="100" branchCoverage="100" maxCyclomaticComplexity="1" minCyclomaticComplexity="1" visitedClasses="0" numClasses="0" visitedMethods="1" numMethods="1" />
              <MetadataToken>100664156</MetadataToken>
              <Name>System.Void ProGet.Net.Common.NamedValue::.ctor(System.String,System.Object)</Name>
              <FileRef uid="126" />
              <SequencePoints>
                <SequencePoint vc="105" uspid="1277" ordinal="0" offset="0" sl="8" sc="9" el="8" ec="53" bec="0" bev="0" fileid="126" />
                <SequencePoint vc="105" uspid="1278" ordinal="1" offset="7" sl="9" sc="9" el="9" ec="10" bec="0" bev="0" fileid="126" />
                <SequencePoint vc="105" uspid="1279" ordinal="2" offset="8" sl="10" sc="13" el="10" ec="25" bec="0" bev="0" fileid="126" />
                <SequencePoint vc="105" uspid="1280" ordinal="3" offset="15" sl="11" sc="13" el="11" ec="27" bec="0" bev="0" fileid="126" />
                <SequencePoint vc="105" uspid="1281" ordinal="4" offset="22" sl="12" sc="9" el="12" ec="10" bec="0" bev="0" fileid="126" />
              </SequencePoints>
              <BranchPoints />
              <MethodPoint xsi:type="SequencePoint" vc="105" uspid="1277" ordinal="0" offset="0" sl="8" sc="9" el="8" ec="53" bec="0" bev="0" fileid="126" />
            </Method>
            <Method visited="false" cyclomaticComplexity="1" nPathComplexity="0" sequenceCoverage="0" branchCoverage="0" isConstructor="true" isStatic="false" isGetter="false" isSetter="false">
              <Summary numSequencePoints="4" visitedSequencePoints="0" numBranchPoints="1" visitedBranchPoints="0" sequenceCoverage="0" branchCoverage="0" maxCyclomaticComplexity="1" minCyclomaticComplexity="1" visitedClasses="0" numClasses="0" visitedMethods="0" numMethods="1" />
              <MetadataToken>100664157</MetadataToken>
              <Name>System.Void ProGet.Net.Common.NamedValue::.ctor(System.String)</Name>
              <FileRef uid="126" />
              <SequencePoints>
                <SequencePoint vc="0" uspid="1282" ordinal="0" offset="0" sl="14" sc="9" el="14" ec="39" bec="0" bev="0" fileid="126" />
                <SequencePoint vc="0" uspid="1283" ordinal="1" offset="7" sl="15" sc="9" el="15" ec="10" bec="0" bev="0" fileid="126" />
                <SequencePoint vc="0" uspid="1284" ordinal="2" offset="8" sl="16" sc="13" el="16" ec="25" bec="0" bev="0" fileid="126" />
                <SequencePoint vc="0" uspid="1285" ordinal="3" offset="15" sl="17" sc="9" el="17" ec="10" bec="0" bev="0" fileid="126" />
              </SequencePoints>
              <BranchPoints />
              <MethodPoint xsi:type="SequencePoint" vc="0" uspid="1282" ordinal="0" offset="0" sl="14" sc="9" el="14" ec="39" bec="0" bev="0" fileid="126" />
            </Method>
          </Methods>
        </Class>
        <Class>
          <Summary numSequencePoints="11" visitedSequencePoints="11" numBranchPoints="1" visitedBranchPoints="1" sequenceCoverage="100" branchCoverage="100" maxCyclomaticComplexity="2" minCyclomaticComplexity="2" visitedClasses="1" numClasses="1" visitedMethods="1" numMethods="1" />
          <FullName>ProGet.Net.Common.QueryParamValues</FullName>
          <Methods>
            <Method visited="true" cyclomaticComplexity="2" nPathComplexity="0" sequenceCoverage="100" branchCoverage="100" isConstructor="false" isStatic="true" isGetter="false" isSetter="false">
              <Summary numSequencePoints="11" visitedSequencePoints="11" numBranchPoints="1" visitedBranchPoints="1" sequenceCoverage="100" branchCoverage="100" maxCyclomaticComplexity="2" minCyclomaticComplexity="2" visitedClasses="0" numClasses="0" visitedMethods="1" numMethods="1" />
              <MetadataToken>100664158</MetadataToken>
              <Name>System.Collections.Generic.IDictionary`2&lt;System.String,System.Object&gt; ProGet.Net.Common.QueryParamValues::From(ProGet.Net.Common.NamedValue[])</Name>
              <FileRef uid="127" />
              <SequencePoints>
                <SequencePoint vc="49" uspid="1286" ordinal="0" offset="0" sl="8" sc="9" el="8" ec="10" bec="0" bev="0" fileid="127" />
                <SequencePoint vc="49" uspid="1287" ordinal="1" offset="1" sl="9" sc="13" el="9" ec="59" bec="0" bev="0" fileid="127" />
                <SequencePoint vc="49" uspid="1288" ordinal="2" offset="7" sl="10" sc="13" el="10" ec="20" bec="0" bev="0" fileid="127" />
                <SequencePoint vc="49" uspid="1289" ordinal="3" offset="8" sl="10" sc="40" el="10" ec="51" bec="0" bev="0" fileid="127" />
                <SequencePoint vc="105" uspid="1290" ordinal="4" offset="14" sl="10" sc="22" el="10" ec="36" bec="0" bev="0" fileid="127" />
                <SequencePoint vc="105" uspid="1291" ordinal="5" offset="18" sl="11" sc="13" el="11" ec="14" bec="0" bev="0" fileid="127" />
                <SequencePoint vc="105" uspid="1292" ordinal="6" offset="19" sl="12" sc="17" el="12" ec="60" bec="0" bev="0" fileid="127" />
                <SequencePoint vc="105" uspid="1293" ordinal="7" offset="38" sl="13" sc="13" el="13" ec="14" bec="0" bev="0" fileid="127" />
                <SequencePoint vc="154" uspid="1294" ordinal="8" offset="43" sl="10" sc="37" el="10" ec="39" bec="0" bev="0" fileid="127" />
                <SequencePoint vc="49" uspid="1295" ordinal="9" offset="49" sl="15" sc="13" el="15" ec="27" bec="0" bev="0" fileid="127" />
                <SequencePoint vc="49" uspid="1296" ordinal="10" offset="54" sl="16" sc="9" el="16" ec="10" bec="0" bev="0" fileid="127" />
              </SequencePoints>
              <BranchPoints />
              <MethodPoint xsi:type="SequencePoint" vc="49" uspid="1286" ordinal="0" offset="0" sl="8" sc="9" el="8" ec="10" bec="0" bev="0" fileid="127" />
            </Method>
          </Methods>
        </Class>
        <Class>
          <Summary numSequencePoints="17" visitedSequencePoints="14" numBranchPoints="16" visitedBranchPoints="7" sequenceCoverage="82.35" branchCoverage="43.75" maxCyclomaticComplexity="3" minCyclomaticComplexity="1" visitedClasses="1" numClasses="1" visitedMethods="4" numMethods="6" />
          <FullName>ProGet.Net.Common.StringExtensions</FullName>
          <Methods>
            <Method visited="true" cyclomaticComplexity="2" nPathComplexity="2" sequenceCoverage="83.33" branchCoverage="66.67" isConstructor="false" isStatic="true" isGetter="false" isSetter="false">
              <Summary numSequencePoints="6" visitedSequencePoints="5" numBranchPoints="3" visitedBranchPoints="2" sequenceCoverage="83.33" branchCoverage="66.67" maxCyclomaticComplexity="2" minCyclomaticComplexity="2" visitedClasses="0" numClasses="0" visitedMethods="1" numMethods="1" />
              <MetadataToken>100664159</MetadataToken>
              <Name>System.String ProGet.Net.Common.StringExtensions::WithoutAsyncSuffix(System.String)</Name>
              <FileRef uid="128" />
              <SequencePoints>
                <SequencePoint vc="55" uspid="1299" ordinal="0" offset="0" sl="8" sc="9" el="8" ec="10" bec="0" bev="0" fileid="128" />
                <SequencePoint vc="55" uspid="1300" ordinal="1" offset="1" sl="9" sc="13" el="9" ec="73" bec="2" bev="1" fileid="128" />
                <SequencePoint vc="55" uspid="1301" ordinal="2" offset="17" sl="10" sc="13" el="10" ec="14" bec="0" bev="0" fileid="128" />
                <SequencePoint vc="55" uspid="1302" ordinal="3" offset="18" sl="11" sc="17" el="11" ec="99" bec="0" bev="0" fileid="128" />
                <SequencePoint vc="0" uspid="1303" ordinal="4" offset="40" sl="14" sc="13" el="14" ec="22" bec="0" bev="0" fileid="128" />
                <SequencePoint vc="55" uspid="1304" ordinal="5" offset="44" sl="15" sc="9" el="15" ec="10" bec="0" bev="0" fileid="128" />
              </SequencePoints>
              <BranchPoints>
                <BranchPoint vc="55" uspid="1305" ordinal="0" offset="15" sl="9" path="0" offsetend="17" fileid="128" />
                <BranchPoint vc="0" uspid="1306" ordinal="1" offset="15" sl="9" path="1" offsetend="40" fileid="128" />
              </BranchPoints>
              <MethodPoint xsi:type="SequencePoint" vc="55" uspid="1299" ordinal="0" offset="0" sl="8" sc="9" el="8" ec="10" bec="0" bev="0" fileid="128" />
            </Method>
            <Method visited="true" cyclomaticComplexity="2" nPathComplexity="2" sequenceCoverage="100" branchCoverage="66.67" isConstructor="false" isStatic="true" isGetter="false" isSetter="false">
              <Summary numSequencePoints="7" visitedSequencePoints="7" numBranchPoints="3" visitedBranchPoints="2" sequenceCoverage="100" branchCoverage="66.67" maxCyclomaticComplexity="2" minCyclomaticComplexity="2" visitedClasses="0" numClasses="0" visitedMethods="1" numMethods="1" />
              <MetadataToken>100664160</MetadataToken>
              <Name>System.String ProGet.Net.Common.StringExtensions::Capitalize(System.String)</Name>
              <FileRef uid="128" />
              <SequencePoints>
                <SequencePoint vc="97" uspid="1307" ordinal="0" offset="0" sl="18" sc="9" el="18" ec="10" bec="0" bev="0" fileid="128" />
                <SequencePoint vc="97" uspid="1308" ordinal="1" offset="1" sl="19" sc="13" el="19" ec="47" bec="2" bev="1" fileid="128" />
                <SequencePoint vc="97" uspid="1309" ordinal="2" offset="14" sl="20" sc="13" el="20" ec="14" bec="0" bev="0" fileid="128" />
                <SequencePoint vc="97" uspid="1310" ordinal="3" offset="15" sl="21" sc="17" el="21" ec="57" bec="0" bev="0" fileid="128" />
                <SequencePoint vc="97" uspid="1311" ordinal="4" offset="49" sl="22" sc="13" el="22" ec="14" bec="0" bev="0" fileid="128" />
                <SequencePoint vc="97" uspid="1312" ordinal="5" offset="50" sl="24" sc="13" el="24" ec="22" bec="0" bev="0" fileid="128" />
                <SequencePoint vc="97" uspid="1313" ordinal="6" offset="54" sl="25" sc="9" el="25" ec="10" bec="0" bev="0" fileid="128" />
              </SequencePoints>
              <BranchPoints>
                <BranchPoint vc="97" uspid="1314" ordinal="0" offset="12" sl="19" path="0" offsetend="14" fileid="128" />
                <BranchPoint vc="0" uspid="1315" ordinal="1" offset="12" sl="19" path="1" offsetend="50" fileid="128" />
              </BranchPoints>
              <MethodPoint xsi:type="SequencePoint" vc="97" uspid="1307" ordinal="0" offset="0" sl="18" sc="9" el="18" ec="10" bec="0" bev="0" fileid="128" />
            </Method>
            <Method visited="true" cyclomaticComplexity="3" nPathComplexity="2" sequenceCoverage="100" branchCoverage="66.67" isConstructor="false" isStatic="true" isGetter="false" isSetter="false">
              <Summary numSequencePoints="1" visitedSequencePoints="1" numBranchPoints="3" visitedBranchPoints="2" sequenceCoverage="100" branchCoverage="66.67" maxCyclomaticComplexity="3" minCyclomaticComplexity="3" visitedClasses="0" numClasses="0" visitedMethods="1" numMethods="1" />
              <MetadataToken>100664161</MetadataToken>
              <Name>System.String ProGet.Net.Common.StringExtensions::ToYnIndicator(System.Boolean)</Name>
              <FileRef uid="128" />
              <SequencePoints>
                <SequencePoint vc="4" uspid="1316" ordinal="0" offset="0" sl="27" sc="64" el="27" ec="81" bec="2" bev="1" fileid="128" />
              </SequencePoints>
              <BranchPoints>
                <BranchPoint vc="0" uspid="1317" ordinal="0" offset="1" sl="27" path="0" offsetend="3" fileid="128" />
                <BranchPoint vc="4" uspid="1318" ordinal="1" offset="1" sl="27" path="1" offsetend="10" fileid="128" />
              </BranchPoints>
              <MethodPoint xsi:type="SequencePoint" vc="4" uspid="1316" ordinal="0" offset="0" sl="27" sc="64" el="27" ec="81" bec="2" bev="1" fileid="128" />
            </Method>
            <Method visited="false" cyclomaticComplexity="3" nPathComplexity="2" sequenceCoverage="0" branchCoverage="0" isConstructor="false" isStatic="true" isGetter="false" isSetter="false">
              <Summary numSequencePoints="1" visitedSequencePoints="0" numBranchPoints="3" visitedBranchPoints="0" sequenceCoverage="0" branchCoverage="0" maxCyclomaticComplexity="3" minCyclomaticComplexity="3" visitedClasses="0" numClasses="0" visitedMethods="0" numMethods="1" />
              <MetadataToken>100664162</MetadataToken>
              <Name>System.String ProGet.Net.Common.StringExtensions::ToTrueFalse(System.Nullable`1&lt;System.Boolean&gt;)</Name>
              <FileRef uid="128" />
              <SequencePoints>
                <SequencePoint vc="0" uspid="1319" ordinal="0" offset="0" sl="29" sc="63" el="29" ec="111" bec="2" bev="0" fileid="128" />
              </SequencePoints>
              <BranchPoints>
                <BranchPoint vc="0" uspid="1320" ordinal="0" offset="7" sl="29" path="0" offsetend="9" fileid="128" />
                <BranchPoint vc="0" uspid="1321" ordinal="1" offset="7" sl="29" path="1" offsetend="12" fileid="128" />
              </BranchPoints>
              <MethodPoint xsi:type="SequencePoint" vc="0" uspid="1319" ordinal="0" offset="0" sl="29" sc="63" el="29" ec="111" bec="2" bev="0" fileid="128" />
            </Method>
            <Method visited="false" cyclomaticComplexity="3" nPathComplexity="2" sequenceCoverage="0" branchCoverage="0" isConstructor="false" isStatic="true" isGetter="false" isSetter="false">
              <Summary numSequencePoints="1" visitedSequencePoints="0" numBranchPoints="3" visitedBranchPoints="0" sequenceCoverage="0" branchCoverage="0" maxCyclomaticComplexity="3" minCyclomaticComplexity="3" visitedClasses="0" numClasses="0" visitedMethods="0" numMethods="1" />
              <MetadataToken>100664163</MetadataToken>
              <Name>System.String ProGet.Net.Common.StringExtensions::ToTrueFalse(System.Boolean)</Name>
              <FileRef uid="128" />
              <SequencePoints>
                <SequencePoint vc="0" uspid="1322" ordinal="0" offset="0" sl="31" sc="62" el="31" ec="86" bec="2" bev="0" fileid="128" />
              </SequencePoints>
              <BranchPoints>
                <BranchPoint vc="0" uspid="1323" ordinal="0" offset="1" sl="31" path="0" offsetend="3" fileid="128" />
                <BranchPoint vc="0" uspid="1324" ordinal="1" offset="1" sl="31" path="1" offsetend="10" fileid="128" />
              </BranchPoints>
              <MethodPoint xsi:type="SequencePoint" vc="0" uspid="1322" ordinal="0" offset="0" sl="31" sc="62" el="31" ec="86" bec="2" bev="0" fileid="128" />
            </Method>
            <Method visited="true" cyclomaticComplexity="1" nPathComplexity="0" sequenceCoverage="100" branchCoverage="100" isConstructor="false" isStatic="true" isGetter="false" isSetter="false">
              <Summary numSequencePoints="1" visitedSequencePoints="1" numBranchPoints="1" visitedBranchPoints="1" sequenceCoverage="100" branchCoverage="100" maxCyclomaticComplexity="1" minCyclomaticComplexity="1" visitedClasses="0" numClasses="0" visitedMethods="1" numMethods="1" />
              <MetadataToken>100664164</MetadataToken>
              <Name>System.String ProGet.Net.Common.StringExtensions::ToJsonDateTime(System.DateTime)</Name>
              <FileRef uid="128" />
              <SequencePoints>
                <SequencePoint vc="3" uspid="1325" ordinal="0" offset="0" sl="33" sc="72" el="33" ec="113" bec="0" bev="0" fileid="128" />
              </SequencePoints>
              <BranchPoints />
              <MethodPoint xsi:type="SequencePoint" vc="3" uspid="1325" ordinal="0" offset="0" sl="33" sc="72" el="33" ec="113" bec="0" bev="0" fileid="128" />
            </Method>
          </Methods>
        </Class>
      </Classes>
    </Module>
  </Modules>
</CoverageSession>